Log file open, 11/19/19 17:59:31
LogWindows: Failed to load 'aqProf.dll' (GetLastError=126)
LogWindows: File 'aqProf.dll' does not exist
LogWindows: Failed to load 'VtuneApi.dll' (GetLastError=126)
LogWindows: File 'VtuneApi.dll' does not exist
LogWindows: Failed to load 'VtuneApi32e.dll' (GetLastError=126)
LogWindows: File 'VtuneApi32e.dll' does not exist
LogConsoleResponse: Display: Failed to find resolution value strings in scalability ini. Falling back to default.
LogInit: Display: Running engine for game: EpicMegaJam
LogPlatformFile: Not using cached read wrapper
LogTaskGraph: Started task graph with 5 named threads and 23 total threads with 3 sets of task threads.
LogStats: Stats thread started at 6.671936
LogD3D11RHI: Loaded GFSDK_Aftermath_Lib.x64.dll
LogICUInternationalization: ICU TimeZone Detection - Raw Offset: +0:00, Platform Override: ''
LogPluginManager: Mounting plugin Paper2D
LogPluginManager: Mounting plugin AISupport
LogPluginManager: Mounting plugin LightPropagationVolume
LogPluginManager: Mounting plugin ActorLayerUtilities
LogPluginManager: Mounting plugin AnimationSharing
LogPluginManager: Mounting plugin CLionSourceCodeAccess
LogPluginManager: Mounting plugin CodeLiteSourceCodeAccess
LogPluginManager: Mounting plugin GitSourceControl
LogPluginManager: Mounting plugin KDevelopSourceCodeAccess
LogPluginManager: Mounting plugin NullSourceCodeAccess
LogPluginManager: Mounting plugin PerforceSourceControl
LogPluginManager: Mounting plugin SubversionSourceControl
LogPluginManager: Mounting plugin UObjectPlugin
LogPluginManager: Mounting plugin VisualStudioCodeSourceCodeAccess
LogPluginManager: Mounting plugin VisualStudioSourceCodeAccess
LogPluginManager: Mounting plugin XCodeSourceCodeAccess
LogPluginManager: Mounting plugin AssetManagerEditor
LogPluginManager: Mounting plugin CryptoKeys
LogPluginManager: Mounting plugin CurveEditorTools
LogPluginManager: Mounting plugin DataValidation
LogPluginManager: Mounting plugin FacialAnimation
LogPluginManager: Mounting plugin GameplayTagsEditor
LogPluginManager: Mounting plugin MacGraphicsSwitching
LogPluginManager: Mounting plugin MaterialAnalyzer
LogPluginManager: Mounting plugin MobileLauncherProfileWizard
LogPluginManager: Mounting plugin PluginBrowser
LogPluginManager: Mounting plugin SpeedTreeImporter
LogPluginManager: Mounting plugin DatasmithContent
LogPluginManager: Mounting plugin VariantManagerContent
LogPluginManager: Mounting plugin AlembicImporter
LogPluginManager: Mounting plugin AutomationUtils
LogPluginManager: Mounting plugin BackChannel
LogPluginManager: Mounting plugin CharacterAI
LogPluginManager: Mounting plugin GeometryCache
LogPluginManager: Mounting plugin HTML5Networking
LogPluginManager: Mounting plugin PlatformCrypto
LogPluginManager: Mounting plugin ProxyLODPlugin
LogPluginManager: Mounting plugin SkeletalReduction
LogPluginManager: Mounting plugin MagicLeap
LogPluginManager: Mounting plugin MagicLeapMedia
LogPluginManager: Mounting plugin AndroidMedia
LogPluginManager: Mounting plugin AvfMedia
LogPluginManager: Mounting plugin ImgMedia
LogPluginManager: Mounting plugin MediaCompositing
LogPluginManager: Mounting plugin MediaPlayerEditor
LogPluginManager: Mounting plugin WebMMedia
LogPluginManager: Mounting plugin WmfMedia
LogPluginManager: Mounting plugin TcpMessaging
LogPluginManager: Mounting plugin UdpMessaging
LogPluginManager: Mounting plugin ActorSequence
LogPluginManager: Mounting plugin LevelSequenceEditor
LogPluginManager: Mounting plugin MatineeToLevelSequence
LogPluginManager: Mounting plugin NetcodeUnitTest
LogPluginManager: Mounting plugin NUTUnrealEngine4
LogPluginManager: Mounting plugin OnlineSubsystemGooglePlay
LogPluginManager: Mounting plugin OnlineSubsystemIOS
LogPluginManager: Mounting plugin OnlineSubsystem
LogPluginManager: Mounting plugin OnlineSubsystemNull
LogPluginManager: Mounting plugin OnlineSubsystemUtils
LogPluginManager: Mounting plugin LauncherChunkInstaller
LogPluginManager: Mounting plugin AndroidDeviceProfileSelector
LogPluginManager: Mounting plugin AndroidMoviePlayer
LogPluginManager: Mounting plugin AndroidPermission
LogPluginManager: Mounting plugin AppleImageUtils
LogPluginManager: Mounting plugin AppleMoviePlayer
LogPluginManager: Mounting plugin ArchVisCharacter
LogPluginManager: Mounting plugin AudioCapture
LogPluginManager: Mounting plugin CableComponent
LogPluginManager: Mounting plugin CustomMeshComponent
LogPluginManager: Mounting plugin EditableMesh
LogPluginManager: Mounting plugin ExampleDeviceProfileSelector
LogPluginManager: Mounting plugin GoogleCloudMessaging
LogPluginManager: Mounting plugin IOSDeviceProfileSelector
LogPluginManager: Mounting plugin LinuxDeviceProfileSelector
LogPluginManager: Mounting plugin LocationServicesBPLibrary
LogPluginManager: Mounting plugin MobilePatchingUtils
LogPluginManager: Mounting plugin OculusVR
LogPluginManager: Mounting plugin PhysXVehicles
LogPluginManager: Mounting plugin ProceduralMeshComponent
LogPluginManager: Mounting plugin RuntimePhysXCooking
LogPluginManager: Mounting plugin SignificanceManager
LogPluginManager: Mounting plugin SteamVR
LogPluginManager: Mounting plugin WebMMoviePlayer
LogPluginManager: Mounting plugin WindowsMoviePlayer
LogPluginManager: Mounting plugin ScreenshotTools
LogInit: Using libcurl 7.55.1-DEV
LogInit:  - built for x86_64-pc-win32
LogInit:  - supports SSL with OpenSSL/1.1.1
LogInit:  - supports HTTP deflate (compression) using libz 1.2.8
LogInit:  - other features:
LogInit:      CURL_VERSION_SSL
LogInit:      CURL_VERSION_LIBZ
LogInit:      CURL_VERSION_IPV6
LogInit:      CURL_VERSION_ASYNCHDNS
LogInit:      CURL_VERSION_LARGEFILE
LogInit:      CURL_VERSION_IDN
LogInit:  CurlRequestOptions (configurable via config and command line):
LogInit:  - bVerifyPeer = true  - Libcurl will verify peer certificate
LogInit:  - bUseHttpProxy = false  - Libcurl will NOT use HTTP proxy
LogInit:  - bDontReuseConnections = false  - Libcurl will reuse connections
LogInit:  - MaxHostConnections = 16  - Libcurl will limit the number of connections to a host
LogInit:  - LocalHostAddr = Default
LogInit:  - BufferSize = 65536
LogOnline: OSS: Creating online subsystem instance for: NULL
LogInit: WinSock: version 1.1 (2.2), MaxSocks=32767, MaxUdp=65467
LogInit: Build: ++UE4+Release-4.23-CL-9631420
LogInit: Engine Version: 4.23.1-9631420+++UE4+Release-4.23
LogInit: Compatible Engine Version: 4.23.0-8386587+++UE4+Release-4.23
LogInit: Net CL: 8386587
LogInit: OS: Windows 10 (Release 1903) (), CPU: Intel(R) Core(TM) i7-7700HQ CPU @ 2.80GHz, GPU: Intel(R) HD Graphics 630
LogInit: Compiled (64-bit): Oct 18 2019 02:07:44
LogInit: Compiled with Visual C++: 19.16.27030.01
LogInit: Build Configuration: Development
LogInit: Branch Name: ++UE4+Release-4.23
LogInit: Command Line: 
LogInit: Base Directory: D:/Epic Games/UE_4.23/Engine/Binaries/Win64/
LogInit: Installed Engine Build: 1
LogDevObjectVersion: Number of dev versions registered: 23
LogDevObjectVersion:   Dev-Blueprints (B0D832E4-1F89-4F0D-ACCF-7EB736FD4AA2): 10
LogDevObjectVersion:   Dev-Build (E1C64328-A22C-4D53-A36C-8E866417BD8C): 0
LogDevObjectVersion:   Dev-Core (375EC13C-06E4-48FB-B500-84F0262A717E): 3
LogDevObjectVersion:   Dev-Editor (E4B068ED-F494-42E9-A231-DA0B2E46BB41): 34
LogDevObjectVersion:   Dev-Framework (CFFC743F-43B0-4480-9391-14DF171D2073): 35
LogDevObjectVersion:   Dev-Mobile (B02B49B5-BB20-44E9-A304-32B752E40360): 2
LogDevObjectVersion:   Dev-Networking (A4E4105C-59A1-49B5-A7C5-40C4547EDFEE): 0
LogDevObjectVersion:   Dev-Online (39C831C9-5AE6-47DC-9A44-9C173E1C8E7C): 0
LogDevObjectVersion:   Dev-Physics (78F01B33-EBEA-4F98-B9B4-84EACCB95AA2): 0
LogDevObjectVersion:   Dev-Platform (6631380F-2D4D-43E0-8009-CF276956A95A): 0
LogDevObjectVersion:   Dev-Rendering (12F88B9F-8875-4AFC-A67C-D90C383ABD29): 31
LogDevObjectVersion:   Dev-Sequencer (7B5AE74C-D270-4C10-A958-57980B212A5A): 11
LogDevObjectVersion:   Dev-VR (D7296918-1DD6-4BDD-9DE2-64A83CC13884): 2
LogDevObjectVersion:   Dev-LoadTimes (C2A15278-BFE7-4AFE-6C17-90FF531DF755): 1
LogDevObjectVersion:   Private-Geometry (6EACA3D4-40EC-4CC1-B786-8BED09428FC5): 3
LogDevObjectVersion:   Dev-AnimPhys (29E575DD-E0A3-4627-9D10-D276232CDCEA): 17
LogDevObjectVersion:   Dev-Anim (AF43A65D-7FD3-4947-9873-3E8ED9C1BB05): 2
LogDevObjectVersion:   Dev-ReflectionCapture (6B266CEC-1EC7-4B8F-A30B-E4D90942FC07): 1
LogDevObjectVersion:   Dev-Automation (0DF73D61-A23F-47EA-B727-89E90C41499A): 1
LogDevObjectVersion:   FortniteMain (601D1886-AC64-4F84-AA16-D3DE0DEAC7D6): 27
LogDevObjectVersion:   Dev-Enterprise (9DFFBCD6-494F-0158-E221-12823C92A888): 6
LogDevObjectVersion:   Dev-Niagara (F2AED0AC-9AFE-416F-8664-AA7FFA26D6FC): 1
LogDevObjectVersion:   Dev-Destruction (174F1F0B-B4C6-45A5-B13F-2EE8D0FB917D): 9
LogInit: Presizing for max 16777216 objects, including 0 objects not considered by GC, pre-allocating 0 bytes for permanent pool.
LogInit: Object subsystem initialized
LogConfig: Setting CVar [[con.DebugEarlyDefault:1]]
LogConfig: Setting CVar [[r.setres:1280x720]]
[2019.11.19-17.59.35:865][  0]LogConfig: Setting CVar [[r.VSync:0]]
[2019.11.19-17.59.35:865][  0]LogConfig: Setting CVar [[r.RHICmdBypass:0]]
[2019.11.19-17.59.35:868][  0]LogConfig: Applying CVar settings from Section [/Script/Engine.RendererSettings] File [C:/Users/jackg/Documents/GitHub/EpicMegaJam/EpicMegaJam/Saved/Config/Windows/Engine.ini]
[2019.11.19-17.59.35:868][  0]LogConfig: Setting CVar [[r.GPUCrashDebugging:0]]
[2019.11.19-17.59.35:868][  0]LogConfig: Setting CVar [[r.DefaultFeature.AutoExposure.ExtendDefaultLuminanceRange:1]]
[2019.11.19-17.59.35:868][  0]LogConfig: Applying CVar settings from Section [/Script/Engine.RendererOverrideSettings] File [C:/Users/jackg/Documents/GitHub/EpicMegaJam/EpicMegaJam/Saved/Config/Windows/Engine.ini]
[2019.11.19-17.59.35:868][  0]LogConfig: Applying CVar settings from Section [/Script/Engine.StreamingSettings] File [C:/Users/jackg/Documents/GitHub/EpicMegaJam/EpicMegaJam/Saved/Config/Windows/Engine.ini]
[2019.11.19-17.59.35:868][  0]LogConfig: Setting CVar [[s.MinBulkDataSizeForAsyncLoading:131072]]
[2019.11.19-17.59.35:868][  0]LogConfig: Setting CVar [[s.AsyncLoadingThreadEnabled:0]]
[2019.11.19-17.59.35:868][  0]LogConfig: Setting CVar [[s.EventDrivenLoaderEnabled:1]]
[2019.11.19-17.59.35:868][  0]LogConfig: Setting CVar [[s.WarnIfTimeLimitExceeded:0]]
[2019.11.19-17.59.35:868][  0]LogConfig: Setting CVar [[s.TimeLimitExceededMultiplier:1.5]]
[2019.11.19-17.59.35:868][  0]LogConfig: Setting CVar [[s.TimeLimitExceededMinTime:0.005]]
[2019.11.19-17.59.35:868][  0]LogConfig: Setting CVar [[s.UseBackgroundLevelStreaming:1]]
[2019.11.19-17.59.35:868][  0]LogConfig: Setting CVar [[s.PriorityAsyncLoadingExtraTime:15.0]]
[2019.11.19-17.59.35:868][  0]LogConfig: Setting CVar [[s.LevelStreamingActorsUpdateTimeLimit:5.0]]
[2019.11.19-17.59.35:868][  0]LogConfig: Setting CVar [[s.PriorityLevelStreamingActorsUpdateExtraTime:5.0]]
[2019.11.19-17.59.35:868][  0]LogConfig: Setting CVar [[s.LevelStreamingComponentsRegistrationGranularity:10]]
[2019.11.19-17.59.35:868][  0]LogConfig: Setting CVar [[s.UnregisterComponentsTimeLimit:1.0]]
[2019.11.19-17.59.35:868][  0]LogConfig: Setting CVar [[s.LevelStreamingComponentsUnregistrationGranularity:5]]
[2019.11.19-17.59.35:868][  0]LogConfig: Applying CVar settings from Section [/Script/Engine.GarbageCollectionSettings] File [C:/Users/jackg/Documents/GitHub/EpicMegaJam/EpicMegaJam/Saved/Config/Windows/Engine.ini]
[2019.11.19-17.59.35:868][  0]LogConfig: Setting CVar [[gc.MaxObjectsNotConsideredByGC:1]]
[2019.11.19-17.59.35:868][  0]LogConfig: Setting CVar [[gc.SizeOfPermanentObjectPool:0]]
[2019.11.19-17.59.35:868][  0]LogConfig: Setting CVar [[gc.FlushStreamingOnGC:0]]
[2019.11.19-17.59.35:868][  0]LogConfig: Setting CVar [[gc.NumRetriesBeforeForcingGC:10]]
[2019.11.19-17.59.35:868][  0]LogConfig: Setting CVar [[gc.AllowParallelGC:1]]
[2019.11.19-17.59.35:868][  0]LogConfig: Setting CVar [[gc.TimeBetweenPurgingPendingKillObjects:61.1]]
[2019.11.19-17.59.35:868][  0]LogConfig: Setting CVar [[gc.MaxObjectsInEditor:16777216]]
[2019.11.19-17.59.35:868][  0]LogConfig: Setting CVar [[gc.IncrementalBeginDestroyEnabled:1]]
[2019.11.19-17.59.35:868][  0]LogConfig: Setting CVar [[gc.CreateGCClusters:1]]
[2019.11.19-17.59.35:868][  0]LogConfig: Setting CVar [[gc.MinGCClusterSize:5]]
[2019.11.19-17.59.35:868][  0]LogConfig: Setting CVar [[gc.ActorClusteringEnabled:0]]
[2019.11.19-17.59.35:868][  0]LogConfig: Setting CVar [[gc.BlueprintClusteringEnabled:0]]
[2019.11.19-17.59.35:868][  0]LogConfig: Setting CVar [[gc.UseDisregardForGCOnDedicatedServers:0]]
[2019.11.19-17.59.35:868][  0]LogConfig: Applying CVar settings from Section [/Script/Engine.NetworkSettings] File [C:/Users/jackg/Documents/GitHub/EpicMegaJam/EpicMegaJam/Saved/Config/Windows/Engine.ini]
[2019.11.19-17.59.35:868][  0]LogConfig: Applying CVar settings from Section [/Script/UnrealEd.CookerSettings] File [C:/Users/jackg/Documents/GitHub/EpicMegaJam/EpicMegaJam/Saved/Config/Windows/Engine.ini]
[2019.11.19-17.59.35:945][  0]LogConfig: Applying CVar settings from Section [ViewDistanceQuality@3] File [C:/Users/jackg/Documents/GitHub/EpicMegaJam/EpicMegaJam/Saved/Config/Windows/Scalability.ini]
[2019.11.19-17.59.35:945][  0]LogConfig: Setting CVar [[r.SkeletalMeshLODBias:0]]
[2019.11.19-17.59.35:945][  0]LogConfig: Setting CVar [[r.ViewDistanceScale:1.0]]
[2019.11.19-17.59.35:945][  0]LogConfig: Applying CVar settings from Section [AntiAliasingQuality@3] File [C:/Users/jackg/Documents/GitHub/EpicMegaJam/EpicMegaJam/Saved/Config/Windows/Scalability.ini]
[2019.11.19-17.59.35:945][  0]LogConfig: Setting CVar [[r.PostProcessAAQuality:4]]
[2019.11.19-17.59.35:946][  0]LogConfig: Applying CVar settings from Section [ShadowQuality@3] File [C:/Users/jackg/Documents/GitHub/EpicMegaJam/EpicMegaJam/Saved/Config/Windows/Scalability.ini]
[2019.11.19-17.59.35:946][  0]LogConfig: Setting CVar [[r.LightFunctionQuality:1]]
[2019.11.19-17.59.35:946][  0]LogConfig: Setting CVar [[r.ShadowQuality:5]]
[2019.11.19-17.59.35:946][  0]LogConfig: Setting CVar [[r.Shadow.CSM.MaxCascades:10]]
[2019.11.19-17.59.35:946][  0]LogConfig: Setting CVar [[r.Shadow.MaxResolution:2048]]
[2019.11.19-17.59.35:946][  0]LogConfig: Setting CVar [[r.Shadow.MaxCSMResolution:2048]]
[2019.11.19-17.59.35:946][  0]LogConfig: Setting CVar [[r.Shadow.RadiusThreshold:0.01]]
[2019.11.19-17.59.35:946][  0]LogConfig: Setting CVar [[r.Shadow.DistanceScale:1.0]]
[2019.11.19-17.59.35:946][  0]LogConfig: Setting CVar [[r.Shadow.CSM.TransitionScale:1.0]]
[2019.11.19-17.59.35:946][  0]LogConfig: Setting CVar [[r.Shadow.PreShadowResolutionFactor:1.0]]
[2019.11.19-17.59.35:946][  0]LogConfig: Setting CVar [[r.DistanceFieldShadowing:1]]
[2019.11.19-17.59.35:946][  0]LogConfig: Setting CVar [[r.DistanceFieldAO:1]]
[2019.11.19-17.59.35:946][  0]LogConfig: Setting CVar [[r.AOQuality:2]]
[2019.11.19-17.59.35:946][  0]LogConfig: Setting CVar [[r.VolumetricFog:1]]
[2019.11.19-17.59.35:946][  0]LogConfig: Setting CVar [[r.VolumetricFog.GridPixelSize:8]]
[2019.11.19-17.59.35:946][  0]LogConfig: Setting CVar [[r.VolumetricFog.GridSizeZ:128]]
[2019.11.19-17.59.35:946][  0]LogConfig: Setting CVar [[r.VolumetricFog.HistoryMissSupersampleCount:4]]
[2019.11.19-17.59.35:946][  0]LogConfig: Setting CVar [[r.LightMaxDrawDistanceScale:1]]
[2019.11.19-17.59.35:946][  0]LogConfig: Setting CVar [[r.CapsuleShadows:1]]
[2019.11.19-17.59.35:946][  0]LogConfig: Applying CVar settings from Section [PostProcessQuality@3] File [C:/Users/jackg/Documents/GitHub/EpicMegaJam/EpicMegaJam/Saved/Config/Windows/Scalability.ini]
[2019.11.19-17.59.35:946][  0]LogConfig: Setting CVar [[r.MotionBlurQuality:4]]
[2019.11.19-17.59.35:946][  0]LogConfig: Setting CVar [[r.AmbientOcclusionMipLevelFactor:0.4]]
[2019.11.19-17.59.35:946][  0]LogConfig: Setting CVar [[r.AmbientOcclusionMaxQuality:100]]
[2019.11.19-17.59.35:946][  0]LogConfig: Setting CVar [[r.AmbientOcclusionLevels:-1]]
[2019.11.19-17.59.35:946][  0]LogConfig: Setting CVar [[r.AmbientOcclusionRadiusScale:1.0]]
[2019.11.19-17.59.35:946][  0]LogConfig: Setting CVar [[r.DepthOfFieldQuality:2]]
[2019.11.19-17.59.35:946][  0]LogConfig: Setting CVar [[r.RenderTargetPoolMin:400]]
[2019.11.19-17.59.35:946][  0]LogConfig: Setting CVar [[r.LensFlareQuality:2]]
[2019.11.19-17.59.35:946][  0]LogConfig: Setting CVar [[r.SceneColorFringeQuality:1]]
[2019.11.19-17.59.35:946][  0]LogConfig: Setting CVar [[r.EyeAdaptationQuality:2]]
[2019.11.19-17.59.35:946][  0]LogConfig: Setting CVar [[r.BloomQuality:5]]
[2019.11.19-17.59.35:946][  0]LogConfig: Setting CVar [[r.FastBlurThreshold:100]]
[2019.11.19-17.59.35:946][  0]LogConfig: Setting CVar [[r.Upscale.Quality:3]]
[2019.11.19-17.59.35:946][  0]LogConfig: Setting CVar [[r.Tonemapper.GrainQuantization:1]]
[2019.11.19-17.59.35:946][  0]LogConfig: Setting CVar [[r.LightShaftQuality:1]]
[2019.11.19-17.59.35:946][  0]LogConfig: Setting CVar [[r.Filter.SizeScale:1]]
[2019.11.19-17.59.35:946][  0]LogConfig: Setting CVar [[r.Tonemapper.Quality:5]]
[2019.11.19-17.59.35:946][  0]LogConfig: Setting CVar [[r.DOF.Gather.AccumulatorQuality:1        ; higher gathering accumulator quality]]
[2019.11.19-17.59.35:946][  0]LogConfig: Setting CVar [[r.DOF.Gather.PostfilterMethod:1          ; Median3x3 postfilering method]]
[2019.11.19-17.59.35:946][  0]LogConfig: Setting CVar [[r.DOF.Gather.EnableBokehSettings:0       ; no bokeh simulation when gathering]]
[2019.11.19-17.59.35:946][  0]LogConfig: Setting CVar [[r.DOF.Gather.RingCount:4                 ; medium number of samples when gathering]]
[2019.11.19-17.59.35:946][  0]LogConfig: Setting CVar [[r.DOF.Scatter.ForegroundCompositing:1    ; additive foreground scattering]]
[2019.11.19-17.59.35:946][  0]LogConfig: Setting CVar [[r.DOF.Scatter.BackgroundCompositing:2    ; additive background scattering]]
[2019.11.19-17.59.35:946][  0]LogConfig: Setting CVar [[r.DOF.Scatter.EnableBokehSettings:1      ; bokeh simulation when scattering]]
[2019.11.19-17.59.35:946][  0]LogConfig: Setting CVar [[r.DOF.Scatter.MaxSpriteRatio:0.1         ; only a maximum of 10% of scattered bokeh]]
[2019.11.19-17.59.35:946][  0]LogConfig: Setting CVar [[r.DOF.Recombine.Quality:1                ; cheap slight out of focus]]
[2019.11.19-17.59.35:946][  0]LogConfig: Setting CVar [[r.DOF.Recombine.EnableBokehSettings:0    ; no bokeh simulation on slight out of focus]]
[2019.11.19-17.59.35:946][  0]LogConfig: Setting CVar [[r.DOF.TemporalAAQuality:1                ; more stable temporal accumulation]]
[2019.11.19-17.59.35:946][  0]LogConfig: Setting CVar [[r.DOF.Kernel.MaxForegroundRadius:0.025]]
[2019.11.19-17.59.35:946][  0]LogConfig: Setting CVar [[r.DOF.Kernel.MaxBackgroundRadius:0.025]]
[2019.11.19-17.59.35:946][  0]LogConfig: Applying CVar settings from Section [TextureQuality@3] File [C:/Users/jackg/Documents/GitHub/EpicMegaJam/EpicMegaJam/Saved/Config/Windows/Scalability.ini]
[2019.11.19-17.59.35:946][  0]LogConfig: Setting CVar [[r.Streaming.MipBias:0]]
[2019.11.19-17.59.35:946][  0]LogConfig: Setting CVar [[r.Streaming.AmortizeCPUToGPUCopy:0]]
[2019.11.19-17.59.35:946][  0]LogConfig: Setting CVar [[r.Streaming.MaxNumTexturesToStreamPerFrame:0]]
[2019.11.19-17.59.35:946][  0]LogConfig: Setting CVar [[r.Streaming.Boost:1]]
[2019.11.19-17.59.35:946][  0]LogConfig: Setting CVar [[r.MaxAnisotropy:8]]
[2019.11.19-17.59.35:946][  0]LogConfig: Setting CVar [[r.Streaming.LimitPoolSizeToVRAM:0]]
[2019.11.19-17.59.35:946][  0]LogConfig: Setting CVar [[r.Streaming.PoolSize:1000]]
[2019.11.19-17.59.35:946][  0]LogConfig: Setting CVar [[r.Streaming.MaxEffectiveScreenSize:0]]
[2019.11.19-17.59.35:946][  0]LogConfig: Applying CVar settings from Section [EffectsQuality@3] File [C:/Users/jackg/Documents/GitHub/EpicMegaJam/EpicMegaJam/Saved/Config/Windows/Scalability.ini]
[2019.11.19-17.59.35:946][  0]LogConfig: Setting CVar [[r.TranslucencyLightingVolumeDim:64]]
[2019.11.19-17.59.35:946][  0]LogConfig: Setting CVar [[r.RefractionQuality:2]]
[2019.11.19-17.59.35:946][  0]LogConfig: Setting CVar [[r.SSR.Quality:3]]
[2019.11.19-17.59.35:946][  0]LogConfig: Setting CVar [[r.SceneColorFormat:4]]
[2019.11.19-17.59.35:946][  0]LogConfig: Setting CVar [[r.DetailMode:2]]
[2019.11.19-17.59.35:946][  0]LogConfig: Setting CVar [[r.TranslucencyVolumeBlur:1]]
[2019.11.19-17.59.35:946][  0]LogConfig: Setting CVar [[r.MaterialQualityLevel:1 ; High quality]]
[2019.11.19-17.59.35:946][  0]LogConfig: Setting CVar [[r.SSS.Scale:1]]
[2019.11.19-17.59.35:946][  0]LogConfig: Setting CVar [[r.SSS.SampleSet:2]]
[2019.11.19-17.59.35:946][  0]LogConfig: Setting CVar [[r.SSS.Quality:1]]
[2019.11.19-17.59.35:947][  0]LogConfig: Setting CVar [[r.SSS.HalfRes:1]]
[2019.11.19-17.59.35:947][  0]LogConfig: Setting CVar [[r.EmitterSpawnRateScale:1.0]]
[2019.11.19-17.59.35:947][  0]LogConfig: Setting CVar [[r.ParticleLightQuality:2]]
[2019.11.19-17.59.35:947][  0]LogConfig: Applying CVar settings from Section [FoliageQuality@3] File [C:/Users/jackg/Documents/GitHub/EpicMegaJam/EpicMegaJam/Saved/Config/Windows/Scalability.ini]
[2019.11.19-17.59.35:947][  0]LogConfig: Setting CVar [[foliage.DensityScale:1.0]]
[2019.11.19-17.59.35:947][  0]LogConfig: Setting CVar [[grass.DensityScale:1.0]]
[2019.11.19-17.59.35:972][  0]LogInit: Selected Device Profile: [Windows]
[2019.11.19-17.59.35:989][  0]LogInit: Applying CVar settings loaded from the selected device profile: [Windows]
[2019.11.19-17.59.36:052][  0]LogHAL: Display: Platform has ~ 16 GB [17057812480 / 17179869184 / 16], which maps to Larger [LargestMinGB=32, LargerMinGB=12, DefaultMinGB=8, SmallerMinGB=6, SmallestMinGB=0)
[2019.11.19-17.59.36:053][  0]LogInit: Going up to parent DeviceProfile []
[2019.11.19-17.59.36:054][  0]LogConfig: Applying CVar settings from Section [ViewDistanceQuality@3] File [C:/Users/jackg/Documents/GitHub/EpicMegaJam/EpicMegaJam/Saved/Config/Windows/Scalability.ini]
[2019.11.19-17.59.36:054][  0]LogConfig: Setting CVar [[r.SkeletalMeshLODBias:0]]
[2019.11.19-17.59.36:054][  0]LogConfig: Setting CVar [[r.ViewDistanceScale:1.0]]
[2019.11.19-17.59.36:054][  0]LogConfig: Applying CVar settings from Section [AntiAliasingQuality@3] File [C:/Users/jackg/Documents/GitHub/EpicMegaJam/EpicMegaJam/Saved/Config/Windows/Scalability.ini]
[2019.11.19-17.59.36:054][  0]LogConfig: Setting CVar [[r.PostProcessAAQuality:4]]
[2019.11.19-17.59.36:054][  0]LogConfig: Applying CVar settings from Section [ShadowQuality@3] File [C:/Users/jackg/Documents/GitHub/EpicMegaJam/EpicMegaJam/Saved/Config/Windows/Scalability.ini]
[2019.11.19-17.59.36:054][  0]LogConfig: Setting CVar [[r.LightFunctionQuality:1]]
[2019.11.19-17.59.36:054][  0]LogConfig: Setting CVar [[r.ShadowQuality:5]]
[2019.11.19-17.59.36:054][  0]LogConfig: Setting CVar [[r.Shadow.CSM.MaxCascades:10]]
[2019.11.19-17.59.36:054][  0]LogConfig: Setting CVar [[r.Shadow.MaxResolution:2048]]
[2019.11.19-17.59.36:054][  0]LogConfig: Setting CVar [[r.Shadow.MaxCSMResolution:2048]]
[2019.11.19-17.59.36:054][  0]LogConfig: Setting CVar [[r.Shadow.RadiusThreshold:0.01]]
[2019.11.19-17.59.36:054][  0]LogConfig: Setting CVar [[r.Shadow.DistanceScale:1.0]]
[2019.11.19-17.59.36:054][  0]LogConfig: Setting CVar [[r.Shadow.CSM.TransitionScale:1.0]]
[2019.11.19-17.59.36:054][  0]LogConfig: Setting CVar [[r.Shadow.PreShadowResolutionFactor:1.0]]
[2019.11.19-17.59.36:054][  0]LogConfig: Setting CVar [[r.DistanceFieldShadowing:1]]
[2019.11.19-17.59.36:054][  0]LogConfig: Setting CVar [[r.DistanceFieldAO:1]]
[2019.11.19-17.59.36:054][  0]LogConfig: Setting CVar [[r.AOQuality:2]]
[2019.11.19-17.59.36:054][  0]LogConfig: Setting CVar [[r.VolumetricFog:1]]
[2019.11.19-17.59.36:054][  0]LogConfig: Setting CVar [[r.VolumetricFog.GridPixelSize:8]]
[2019.11.19-17.59.36:054][  0]LogConfig: Setting CVar [[r.VolumetricFog.GridSizeZ:128]]
[2019.11.19-17.59.36:054][  0]LogConfig: Setting CVar [[r.VolumetricFog.HistoryMissSupersampleCount:4]]
[2019.11.19-17.59.36:054][  0]LogConfig: Setting CVar [[r.LightMaxDrawDistanceScale:1]]
[2019.11.19-17.59.36:054][  0]LogConfig: Setting CVar [[r.CapsuleShadows:1]]
[2019.11.19-17.59.36:054][  0]LogConfig: Applying CVar settings from Section [PostProcessQuality@3] File [C:/Users/jackg/Documents/GitHub/EpicMegaJam/EpicMegaJam/Saved/Config/Windows/Scalability.ini]
[2019.11.19-17.59.36:054][  0]LogConfig: Setting CVar [[r.MotionBlurQuality:4]]
[2019.11.19-17.59.36:054][  0]LogConfig: Setting CVar [[r.AmbientOcclusionMipLevelFactor:0.4]]
[2019.11.19-17.59.36:054][  0]LogConfig: Setting CVar [[r.AmbientOcclusionMaxQuality:100]]
[2019.11.19-17.59.36:054][  0]LogConfig: Setting CVar [[r.AmbientOcclusionLevels:-1]]
[2019.11.19-17.59.36:054][  0]LogConfig: Setting CVar [[r.AmbientOcclusionRadiusScale:1.0]]
[2019.11.19-17.59.36:054][  0]LogConfig: Setting CVar [[r.DepthOfFieldQuality:2]]
[2019.11.19-17.59.36:054][  0]LogConfig: Setting CVar [[r.RenderTargetPoolMin:400]]
[2019.11.19-17.59.36:054][  0]LogConfig: Setting CVar [[r.LensFlareQuality:2]]
[2019.11.19-17.59.36:054][  0]LogConfig: Setting CVar [[r.SceneColorFringeQuality:1]]
[2019.11.19-17.59.36:054][  0]LogConfig: Setting CVar [[r.EyeAdaptationQuality:2]]
[2019.11.19-17.59.36:054][  0]LogConfig: Setting CVar [[r.BloomQuality:5]]
[2019.11.19-17.59.36:054][  0]LogConfig: Setting CVar [[r.FastBlurThreshold:100]]
[2019.11.19-17.59.36:054][  0]LogConfig: Setting CVar [[r.Upscale.Quality:3]]
[2019.11.19-17.59.36:054][  0]LogConfig: Setting CVar [[r.Tonemapper.GrainQuantization:1]]
[2019.11.19-17.59.36:054][  0]LogConfig: Setting CVar [[r.LightShaftQuality:1]]
[2019.11.19-17.59.36:054][  0]LogConfig: Setting CVar [[r.Filter.SizeScale:1]]
[2019.11.19-17.59.36:054][  0]LogConfig: Setting CVar [[r.Tonemapper.Quality:5]]
[2019.11.19-17.59.36:054][  0]LogConfig: Setting CVar [[r.DOF.Gather.AccumulatorQuality:1        ; higher gathering accumulator quality]]
[2019.11.19-17.59.36:054][  0]LogConfig: Setting CVar [[r.DOF.Gather.PostfilterMethod:1          ; Median3x3 postfilering method]]
[2019.11.19-17.59.36:054][  0]LogConfig: Setting CVar [[r.DOF.Gather.EnableBokehSettings:0       ; no bokeh simulation when gathering]]
[2019.11.19-17.59.36:054][  0]LogConfig: Setting CVar [[r.DOF.Gather.RingCount:4                 ; medium number of samples when gathering]]
[2019.11.19-17.59.36:054][  0]LogConfig: Setting CVar [[r.DOF.Scatter.ForegroundCompositing:1    ; additive foreground scattering]]
[2019.11.19-17.59.36:054][  0]LogConfig: Setting CVar [[r.DOF.Scatter.BackgroundCompositing:2    ; additive background scattering]]
[2019.11.19-17.59.36:054][  0]LogConfig: Setting CVar [[r.DOF.Scatter.EnableBokehSettings:1      ; bokeh simulation when scattering]]
[2019.11.19-17.59.36:054][  0]LogConfig: Setting CVar [[r.DOF.Scatter.MaxSpriteRatio:0.1         ; only a maximum of 10% of scattered bokeh]]
[2019.11.19-17.59.36:054][  0]LogConfig: Setting CVar [[r.DOF.Recombine.Quality:1                ; cheap slight out of focus]]
[2019.11.19-17.59.36:054][  0]LogConfig: Setting CVar [[r.DOF.Recombine.EnableBokehSettings:0    ; no bokeh simulation on slight out of focus]]
[2019.11.19-17.59.36:054][  0]LogConfig: Setting CVar [[r.DOF.TemporalAAQuality:1                ; more stable temporal accumulation]]
[2019.11.19-17.59.36:054][  0]LogConfig: Setting CVar [[r.DOF.Kernel.MaxForegroundRadius:0.025]]
[2019.11.19-17.59.36:054][  0]LogConfig: Setting CVar [[r.DOF.Kernel.MaxBackgroundRadius:0.025]]
[2019.11.19-17.59.36:054][  0]LogConfig: Applying CVar settings from Section [TextureQuality@3] File [C:/Users/jackg/Documents/GitHub/EpicMegaJam/EpicMegaJam/Saved/Config/Windows/Scalability.ini]
[2019.11.19-17.59.36:054][  0]LogConfig: Setting CVar [[r.Streaming.MipBias:0]]
[2019.11.19-17.59.36:054][  0]LogConfig: Setting CVar [[r.Streaming.AmortizeCPUToGPUCopy:0]]
[2019.11.19-17.59.36:054][  0]LogConfig: Setting CVar [[r.Streaming.MaxNumTexturesToStreamPerFrame:0]]
[2019.11.19-17.59.36:054][  0]LogConfig: Setting CVar [[r.Streaming.Boost:1]]
[2019.11.19-17.59.36:054][  0]LogConfig: Setting CVar [[r.MaxAnisotropy:8]]
[2019.11.19-17.59.36:054][  0]LogConfig: Setting CVar [[r.Streaming.LimitPoolSizeToVRAM:0]]
[2019.11.19-17.59.36:054][  0]LogConfig: Setting CVar [[r.Streaming.PoolSize:1000]]
[2019.11.19-17.59.36:054][  0]LogConfig: Setting CVar [[r.Streaming.MaxEffectiveScreenSize:0]]
[2019.11.19-17.59.36:054][  0]LogConfig: Applying CVar settings from Section [EffectsQuality@3] File [C:/Users/jackg/Documents/GitHub/EpicMegaJam/EpicMegaJam/Saved/Config/Windows/Scalability.ini]
[2019.11.19-17.59.36:054][  0]LogConfig: Setting CVar [[r.TranslucencyLightingVolumeDim:64]]
[2019.11.19-17.59.36:054][  0]LogConfig: Setting CVar [[r.RefractionQuality:2]]
[2019.11.19-17.59.36:055][  0]LogConfig: Setting CVar [[r.SSR.Quality:3]]
[2019.11.19-17.59.36:055][  0]LogConfig: Setting CVar [[r.SceneColorFormat:4]]
[2019.11.19-17.59.36:055][  0]LogConfig: Setting CVar [[r.DetailMode:2]]
[2019.11.19-17.59.36:055][  0]LogConfig: Setting CVar [[r.TranslucencyVolumeBlur:1]]
[2019.11.19-17.59.36:055][  0]LogConfig: Setting CVar [[r.MaterialQualityLevel:1 ; High quality]]
[2019.11.19-17.59.36:055][  0]LogConfig: Setting CVar [[r.SSS.Scale:1]]
[2019.11.19-17.59.36:055][  0]LogConfig: Setting CVar [[r.SSS.SampleSet:2]]
[2019.11.19-17.59.36:055][  0]LogConfig: Setting CVar [[r.SSS.Quality:1]]
[2019.11.19-17.59.36:055][  0]LogConfig: Setting CVar [[r.SSS.HalfRes:1]]
[2019.11.19-17.59.36:055][  0]LogConfig: Setting CVar [[r.EmitterSpawnRateScale:1.0]]
[2019.11.19-17.59.36:055][  0]LogConfig: Setting CVar [[r.ParticleLightQuality:2]]
[2019.11.19-17.59.36:055][  0]LogConfig: Applying CVar settings from Section [FoliageQuality@3] File [C:/Users/jackg/Documents/GitHub/EpicMegaJam/EpicMegaJam/Saved/Config/Windows/Scalability.ini]
[2019.11.19-17.59.36:055][  0]LogConfig: Setting CVar [[foliage.DensityScale:1.0]]
[2019.11.19-17.59.36:055][  0]LogConfig: Setting CVar [[grass.DensityScale:1.0]]
[2019.11.19-17.59.36:055][  0]LogConfig: Applying CVar settings from Section [Startup] File [../../../Engine/Config/ConsoleVariables.ini]
[2019.11.19-17.59.36:068][  0]LogConfig: Setting CVar [[net.UseAdaptiveNetUpdateFrequency:0]]
[2019.11.19-17.59.36:068][  0]LogConfig: Setting CVar [[p.chaos.AllowCreatePhysxBodies:1]]
[2019.11.19-17.59.36:068][  0]LogConfig: Applying CVar settings from Section [ConsoleVariables] File [C:/Users/jackg/Documents/GitHub/EpicMegaJam/EpicMegaJam/Saved/Config/Windows/Engine.ini]
[2019.11.19-17.59.36:087][  0]LogInit: Computer: LAPTOP-62E71KCF
[2019.11.19-17.59.36:087][  0]LogInit: User: jackg
[2019.11.19-17.59.36:087][  0]LogInit: CPU Page size=4096, Cores=4
[2019.11.19-17.59.36:087][  0]LogInit: High frequency timer resolution =10.000000 MHz
[2019.11.19-17.59.36:088][  0]LogMemory: Memory total: Physical=15.9GB (16GB approx)
[2019.11.19-17.59.36:088][  0]LogMemory: Platform Memory Stats for Windows
[2019.11.19-17.59.36:089][  0]LogMemory: Process Physical Memory: 104.98 MB used, 104.98 MB peak
[2019.11.19-17.59.36:089][  0]LogMemory: Process Virtual Memory: 100.75 MB used, 100.75 MB peak
[2019.11.19-17.59.36:089][  0]LogMemory: Physical Memory: 7774.24 MB used,  8493.36 MB free, 16267.60 MB total
[2019.11.19-17.59.36:089][  0]LogMemory: Virtual Memory: 4668.99 MB used,  134213056.00 MB free, 134217728.00 MB total
[2019.11.19-17.59.36:099][  0]LogWindows: WindowsPlatformFeatures enabled
[2019.11.19-17.59.37:336][  0]LogInit: Using OS detected language (en-GB).
[2019.11.19-17.59.37:336][  0]LogInit: Using OS detected locale (en-GB).
[2019.11.19-17.59.37:339][  0]LogTextLocalizationManager: No specific localization for 'en-GB' exists, so the 'en' localization will be used.
[2019.11.19-17.59.38:393][  0]LogInit: Setting process to per monitor DPI aware
[2019.11.19-17.59.39:137][  0]LogSlate: New Slate User Created.  User Index 0, Is Virtual User: 0
[2019.11.19-17.59.39:137][  0]LogSlate: Slate User Registered.  User Index 0, Is Virtual User: 0
[2019.11.19-17.59.45:094][  0]LogHMD: Failed to initialize OpenVR with code 110
[2019.11.19-17.59.45:094][  0]LogD3D11RHI: D3D11 adapters:
[2019.11.19-17.59.45:164][  0]LogD3D11RHI:    0. 'NVIDIA GeForce GTX 1060' (Feature Level 11_0)
[2019.11.19-17.59.45:164][  0]LogD3D11RHI:       6061/0/8133 MB DedicatedVideo/DedicatedSystem/SharedSystem, Outputs:1, VendorId:0x10de
[2019.11.19-17.59.45:195][  0]LogD3D11RHI:    1. 'Intel(R) HD Graphics 630' (Feature Level 11_0)
[2019.11.19-17.59.45:195][  0]LogD3D11RHI:       128/0/8133 MB DedicatedVideo/DedicatedSystem/SharedSystem, Outputs:0, VendorId:0x8086
[2019.11.19-17.59.45:206][  0]LogD3D11RHI:    2. 'Microsoft Basic Render Driver' (Feature Level 11_0)
[2019.11.19-17.59.45:206][  0]LogD3D11RHI:       0/0/8133 MB DedicatedVideo/DedicatedSystem/SharedSystem, Outputs:0, VendorId:0x1414
[2019.11.19-17.59.45:206][  0]LogD3D11RHI: Chosen D3D11 Adapter: 0
[2019.11.19-17.59.45:288][  0]LogD3D11RHI: Creating new Direct3DDevice
[2019.11.19-17.59.45:288][  0]LogD3D11RHI:     GPU DeviceId: 0x1c20 (for the marketing name, search the web for "GPU Device Id")
[2019.11.19-17.59.45:301][  0]LogWindows: EnumDisplayDevices:
[2019.11.19-17.59.45:302][  0]LogWindows:    0. 'Intel(R) HD Graphics 630' (P:1 D:1)
[2019.11.19-17.59.45:302][  0]LogWindows:    1. 'Intel(R) HD Graphics 630' (P:0 D:0)
[2019.11.19-17.59.45:302][  0]LogWindows:    2. 'Intel(R) HD Graphics 630' (P:0 D:0)
[2019.11.19-17.59.45:302][  0]LogWindows:    3. 'NVIDIA GeForce GTX 1060' (P:0 D:0)
[2019.11.19-17.59.45:303][  0]LogWindows:    4. 'NVIDIA GeForce GTX 1060' (P:0 D:0)
[2019.11.19-17.59.45:303][  0]LogWindows:    5. 'NVIDIA GeForce GTX 1060' (P:0 D:0)
[2019.11.19-17.59.45:303][  0]LogWindows:    6. 'NVIDIA GeForce GTX 1060' (P:0 D:0)
[2019.11.19-17.59.45:303][  0]LogWindows: DebugString: PrimaryIsNotTheChoosenAdapter PrimaryIsNotTheChoosenAdapter PrimaryIsNotTheChoosenAdapter FoundDriverCount:4 
[2019.11.19-17.59.45:303][  0]LogD3D11RHI:     Adapter Name: NVIDIA GeForce GTX 1060
[2019.11.19-17.59.45:304][  0]LogD3D11RHI:   Driver Version: 388.16 (internal:23.21.13.8816, unified:388.16)
[2019.11.19-17.59.45:304][  0]LogD3D11RHI:      Driver Date: 10-30-2017
[2019.11.19-17.59.45:304][  0]LogRHI: Texture pool is 4242 MB (70% of 6061 MB)
[2019.11.19-17.59.45:373][  0]LogD3D11RHI: Async texture creation enabled
[2019.11.19-17.59.45:698][  0]LogD3D11RHI: GPU Timing Frequency: 1000.000000 (Debug: 2 1)
[2019.11.19-17.59.47:312][  0]LogTemp: Display: Module 'AllDesktopTargetPlatform' loaded TargetPlatform 'AllDesktop'
[2019.11.19-17.59.47:376][  0]LogTemp: Display: Module 'MacClientTargetPlatform' loaded TargetPlatform 'MacClient'
[2019.11.19-17.59.47:414][  0]LogTemp: Display: Module 'MacNoEditorTargetPlatform' loaded TargetPlatform 'MacNoEditor'
[2019.11.19-17.59.47:457][  0]LogTemp: Display: Module 'MacServerTargetPlatform' loaded TargetPlatform 'MacServer'
[2019.11.19-17.59.47:541][  0]LogTemp: Display: Module 'MacTargetPlatform' loaded TargetPlatform 'Mac'
[2019.11.19-17.59.47:608][  0]LogTemp: Display: Module 'WindowsClientTargetPlatform' loaded TargetPlatform 'WindowsClient'
[2019.11.19-17.59.47:650][  0]LogTemp: Display: Module 'WindowsNoEditorTargetPlatform' loaded TargetPlatform 'WindowsNoEditor'
[2019.11.19-17.59.47:694][  0]LogTemp: Display: Module 'WindowsServerTargetPlatform' loaded TargetPlatform 'WindowsServer'
[2019.11.19-17.59.47:729][  0]LogTemp: Display: Module 'WindowsTargetPlatform' loaded TargetPlatform 'Windows'
[2019.11.19-17.59.47:871][  0]LogTemp: Display: Module 'AndroidTargetPlatform' loaded TargetPlatform 'Android'
[2019.11.19-17.59.47:871][  0]LogTemp: Display: Module 'AndroidTargetPlatform' loaded TargetPlatform 'Android_ASTC'
[2019.11.19-17.59.47:871][  0]LogTemp: Display: Module 'AndroidTargetPlatform' loaded TargetPlatform 'Android_ATC'
[2019.11.19-17.59.47:871][  0]LogTemp: Display: Module 'AndroidTargetPlatform' loaded TargetPlatform 'Android_DXT'
[2019.11.19-17.59.47:871][  0]LogTemp: Display: Module 'AndroidTargetPlatform' loaded TargetPlatform 'Android_ETC1'
[2019.11.19-17.59.47:871][  0]LogTemp: Display: Module 'AndroidTargetPlatform' loaded TargetPlatform 'Android_ETC1a'
[2019.11.19-17.59.47:871][  0]LogTemp: Display: Module 'AndroidTargetPlatform' loaded TargetPlatform 'Android_ETC2'
[2019.11.19-17.59.47:871][  0]LogTemp: Display: Module 'AndroidTargetPlatform' loaded TargetPlatform 'Android_PVRTC'
[2019.11.19-17.59.47:871][  0]LogTemp: Display: Module 'AndroidTargetPlatform' loaded TargetPlatform 'AndroidClient'
[2019.11.19-17.59.47:871][  0]LogTemp: Display: Module 'AndroidTargetPlatform' loaded TargetPlatform 'Android_ASTCClient'
[2019.11.19-17.59.47:871][  0]LogTemp: Display: Module 'AndroidTargetPlatform' loaded TargetPlatform 'Android_ATCClient'
[2019.11.19-17.59.47:871][  0]LogTemp: Display: Module 'AndroidTargetPlatform' loaded TargetPlatform 'Android_DXTClient'
[2019.11.19-17.59.47:871][  0]LogTemp: Display: Module 'AndroidTargetPlatform' loaded TargetPlatform 'Android_ETC1Client'
[2019.11.19-17.59.47:871][  0]LogTemp: Display: Module 'AndroidTargetPlatform' loaded TargetPlatform 'Android_ETC1aClient'
[2019.11.19-17.59.47:871][  0]LogTemp: Display: Module 'AndroidTargetPlatform' loaded TargetPlatform 'Android_ETC2Client'
[2019.11.19-17.59.47:871][  0]LogTemp: Display: Module 'AndroidTargetPlatform' loaded TargetPlatform 'Android_PVRTCClient'
[2019.11.19-17.59.47:871][  0]LogTemp: Display: Module 'AndroidTargetPlatform' loaded TargetPlatform 'Android_Multi'
[2019.11.19-17.59.47:871][  0]LogTemp: Display: Module 'AndroidTargetPlatform' loaded TargetPlatform 'Android_MultiClient'
[2019.11.19-17.59.47:911][  0]LogTemp: Display: Module 'HTML5TargetPlatform' loaded TargetPlatform 'HTML5'
[2019.11.19-17.59.48:083][  0]LogTemp: Display: Module 'IOSTargetPlatform' loaded TargetPlatform 'IOSClient'
[2019.11.19-17.59.48:083][  0]LogTemp: Display: Module 'IOSTargetPlatform' loaded TargetPlatform 'IOS'
[2019.11.19-17.59.48:130][  0]LogTemp: Display: Module 'TVOSTargetPlatform' loaded TargetPlatform 'TVOSClient'
[2019.11.19-17.59.48:131][  0]LogTemp: Display: Module 'TVOSTargetPlatform' loaded TargetPlatform 'TVOS'
[2019.11.19-17.59.48:175][  0]LogTemp: Display: Module 'LinuxClientTargetPlatform' loaded TargetPlatform 'LinuxClient'
[2019.11.19-17.59.48:213][  0]LogTemp: Display: Module 'LinuxNoEditorTargetPlatform' loaded TargetPlatform 'LinuxNoEditor'
[2019.11.19-17.59.48:266][  0]LogTemp: Display: Module 'LinuxServerTargetPlatform' loaded TargetPlatform 'LinuxServer'
[2019.11.19-17.59.48:352][  0]LogTemp: Display: Module 'LinuxTargetPlatform' loaded TargetPlatform 'Linux'
[2019.11.19-17.59.48:418][  0]LogTemp: Display: Module 'LuminTargetPlatform' loaded TargetPlatform 'Lumin'
[2019.11.19-17.59.48:418][  0]LogTemp: Display: Module 'LuminTargetPlatform' loaded TargetPlatform 'LuminClient'
[2019.11.19-17.59.48:418][  0]LogTargetPlatformManager: Display: Building Assets For Windows
[2019.11.19-17.59.48:610][  0]LogAudioDebug: Display: Lib vorbis DLL was dynamically loaded.
[2019.11.19-17.59.49:855][  0]LogShaderCompilers: Guid format shader working directory is -9 characters bigger than the processId version (C:/Users/jackg/Documents/GitHub/EpicMegaJam/EpicMegaJam/Intermediate/Shaders/WorkingDirectory/9116/).
[2019.11.19-17.59.49:855][  0]LogShaderCompilers: Cleaned the shader compiler working directory 'C:/Users/jackg/AppData/Local/Temp/UnrealShaderWorkingDir/4640D7644E8F11D80DDFFE8365503CA8/'.
[2019.11.19-17.59.49:909][  0]LogXGEController: Cleaning working directory: C:/Users/jackg/AppData/Local/Temp/UnrealXGEWorkingDir/
[2019.11.19-17.59.49:910][  0]LogXGEController: Cannot use XGE Controller as Incredibuild is not installed on this machine.
[2019.11.19-17.59.49:911][  0]LogShaderCompilers: Cannot use XGE Shader Compiler as Incredibuild is not installed on this machine.
[2019.11.19-17.59.49:911][  0]LogShaderCompilers: Display: Using Local Shader Compiler.
[2019.11.19-17.59.54:587][  0]LogDerivedDataCache: Display: Max Cache Size: 512 MB
[2019.11.19-17.59.54:587][  0]LogDerivedDataCache: Display: Starting with empty Boot cache
[2019.11.19-17.59.54:587][  0]LogDerivedDataCache: FDerivedDataBackendGraph:  Pak pak cache file C:/Users/jackg/Documents/GitHub/EpicMegaJam/EpicMegaJam/DerivedDataCache/DDC.ddp not found, will not use a pak cache.
[2019.11.19-17.59.54:587][  0]LogDerivedDataCache: Unable to find inner node Pak for hierarchical cache Hierarchy.
[2019.11.19-17.59.54:587][  0]LogDerivedDataCache: FDerivedDataBackendGraph:  CompressedPak pak cache file C:/Users/jackg/Documents/GitHub/EpicMegaJam/EpicMegaJam/DerivedDataCache/Compressed.ddp not found, will not use a pak cache.
[2019.11.19-17.59.54:587][  0]LogDerivedDataCache: Unable to find inner node CompressedPak for hierarchical cache Hierarchy.
[2019.11.19-17.59.54:679][  0]LogDerivedDataCache: Display: Pak cache opened for reading ../../../Engine/DerivedDataCache/Compressed.ddp.
[2019.11.19-17.59.54:679][  0]LogDerivedDataCache: FDerivedDataBackendGraph:  EnterprisePak pak cache file ../../../Enterprise/DerivedDataCache/Compressed.ddp not found, will not use a pak cache.
[2019.11.19-17.59.54:679][  0]LogDerivedDataCache: Unable to find inner node EnterprisePak for hierarchical cache Hierarchy.
[2019.11.19-17.59.54:683][  0]LogDerivedDataCache: Using Local data cache path C:/Users/jackg/AppData/Local/UnrealEngine/Common/DerivedDataCache: Writable
[2019.11.19-17.59.54:683][  0]LogDerivedDataCache: Shared data cache path not found in *engine.ini, will not use an Shared cache.
[2019.11.19-17.59.54:683][  0]LogDerivedDataCache: Unable to find inner node Shared for hierarchical cache Hierarchy.
[2019.11.19-17.59.54:978][  0]LogMaterial: Verifying Global Shaders for PCD3D_SM5
[2019.11.19-17.59.55:076][  0]LogSlate: Using FreeType 2.6.0
[2019.11.19-17.59.55:233][  0]LogSlate: SlateFontServices - WITH_FREETYPE: 1, WITH_HARFBUZZ: 1
[2019.11.19-17.59.56:801][  0]LogAssetRegistry: FAssetRegistry took 0.0625 seconds to start up
[2019.11.19-18.00.09:302][  0]LogInit: Selected Device Profile: [Windows]
[2019.11.19-18.00.14:337][  0]LogMeshReduction: Using QuadricMeshReduction for automatic static mesh reduction
[2019.11.19-18.00.14:338][  0]LogMeshReduction: Using SimplygonMeshReduction for automatic skeletal mesh reduction
[2019.11.19-18.00.14:338][  0]LogMeshReduction: Using ProxyLODMeshReduction for automatic mesh merging
[2019.11.19-18.00.14:338][  0]LogMeshReduction: No distributed automatic mesh merging module available
[2019.11.19-18.00.14:339][  0]LogMeshMerging: No distributed automatic mesh merging module available
[2019.11.19-18.00.15:690][  0]LogNetVersion: EpicMegaJam 1.0.0, NetCL: 8386587, EngineNetVer: 11, GameNetVer: 0 (Checksum: 2592503717)
[2019.11.19-18.00.28:962][  0]LogPackageLocalizationCache: Processed 12 localized package path(s) for 1 prioritized culture(s) in 0.177162 seconds
[2019.11.19-18.00.29:022][  0]LogUObjectArray: 43444 objects as part of root set at end of initial load.
[2019.11.19-18.00.29:022][  0]LogUObjectAllocator: 7548648 out of 0 bytes used by permanent object pool.
[2019.11.19-18.00.29:022][  0]LogUObjectArray: CloseDisregardForGC: 0/0 objects in disregard for GC pool
[2019.11.19-18.01.23:090][  0]LogTcpMessaging: Initializing TcpMessaging bridge
[2019.11.19-18.01.23:195][  0]LogUdpMessaging: Initializing bridge on interface 0.0.0.0:0 to multicast group 230.0.0.1:6666.
[2019.11.19-18.01.24:569][  0]SourceControl: Source control is disabled
[2019.11.19-18.01.24:594][  0]SourceControl: Source control is disabled
[2019.11.19-18.01.24:720][  0]SourceControl: Source control is disabled
[2019.11.19-18.01.24:769][  0]SourceControl: Source control is disabled
[2019.11.19-18.01.27:016][  0]LogAndroidPermission: UAndroidPermissionCallbackProxy::GetInstance
[2019.11.19-18.01.28:345][  0]LogOcInput: OculusInput pre-init called
[2019.11.19-18.01.28:430][  0]LogWindows: Failed to load 'OVRPlugin.dll' (GetLastError=126)
[2019.11.19-18.01.28:430][  0]LogWindows: File 'OVRPlugin.dll' does not exist
[2019.11.19-18.01.31:296][  0]LogEngine: Initializing Engine...
[2019.11.19-18.01.31:348][  0]LogHMD: Failed to initialize OpenVR with code 110
[2019.11.19-18.01.31:437][  0]LogStats: UGameplayTagsManager::InitializeManager -  0.031 s
[2019.11.19-18.01.33:053][  0]LogInit: Initializing FReadOnlyCVARCache
[2019.11.19-18.01.34:069][  0]LogAIModule: Creating AISystem for world Untitled
[2019.11.19-18.01.34:339][  0]LogInit: XAudio2 using 'Speakers (Realtek High Definition Audio(SST))' : 2 channels at 48 kHz using 32 bits per sample (channel mask 0x3)
[2019.11.19-18.01.34:874][  0]LogInit: FAudioDevice initialized.
[2019.11.19-18.01.34:900][  0]LogNetVersion: Set ProjectVersion to 1.0.0.0. Version Checksum will be recalculated on next use.
[2019.11.19-18.01.34:990][  0]LogDerivedDataCache: Saved boot cache 0.09s 74MB C:/Users/jackg/AppData/Local/UnrealEngine/4.23/DerivedDataCache/Boot.ddc.
[2019.11.19-18.01.34:998][  0]LogInit: Texture streaming: Enabled
[2019.11.19-18.01.35:325][  0]LogEngineSessionManager: EngineSessionManager initialized
[2019.11.19-18.01.35:326][  0]LogEditorSessionSummary: Verbose: Initializing EditorSessionSummaryWriter for editor session tracking
[2019.11.19-18.01.35:331][  0]LogEditorSessionSummary: EditorSessionSummaryWriter initialized
[2019.11.19-18.01.35:973][  0]LogInit: Transaction tracking system initialized
[2019.11.19-18.01.36:868][  0]BlueprintLog: New page: Editor Load
[2019.11.19-18.01.39:084][  0]LocalizationService: Localization service is disabled
[2019.11.19-18.01.42:397][  0]LogFileCache: Scanning file cache for directory 'C:/Users/jackg/Documents/GitHub/EpicMegaJam/EpicMegaJam/Content/' took 0.01s
[2019.11.19-18.01.42:397][  0]LogCook: Display: Max memory allowance for cook 16384mb min free memory 0mb
[2019.11.19-18.01.42:398][  0]LogCook: Display: Mobile HDR setting 1
[2019.11.19-18.01.46:352][  0]SourceControl: Source control is disabled
[2019.11.19-18.01.46:408][  0]Cmd: MAP LOAD FILE="C:/Users/jackg/Documents/GitHub/EpicMegaJam/EpicMegaJam/Content/Levels/MainMenu.umap" TEMPLATE=0 SHOWPROGRESS=1 FEATURELEVEL=3
[2019.11.19-18.01.46:416][  0]LightingResults: New page: Lighting Build
[2019.11.19-18.01.46:756][  0]LogWorld: UWorld::CleanupWorld for Untitled, bSessionEnded=true, bCleanupResources=true
[2019.11.19-18.01.46:950][  0]MapCheck: New page: Map Check
[2019.11.19-18.01.46:950][  0]LightingResults: New page: Lighting Build
[2019.11.19-18.01.47:823][  0]LogUObjectHash: Compacting FUObjectHashTables data took   2.55ms
[2019.11.19-18.01.48:955][  0]LogTexture: Display: Building textures: ControlsScreen (BGRA8, 2480X3508)
[2019.11.19-18.01.49:046][  0]LogAIModule: Creating AISystem for world MainMenu
[2019.11.19-18.01.49:323][  0]LogEditorServer: Finished looking for orphan Actors (0.000 secs)
[2019.11.19-18.01.49:476][  0]LogUObjectHash: Compacting FUObjectHashTables data took   2.52ms
[2019.11.19-18.01.49:518][  0]Cmd: MAP CHECKDEP NOCLEARLOG
[2019.11.19-18.01.49:519][  0]MapCheck: Map check complete: 0 Error(s), 0 Warning(s), took 1.143ms to complete.
[2019.11.19-18.01.49:519][  0]LogFileHelpers: Loading map 'MainMenu' took 3.119
[2019.11.19-18.01.53:016][  0]LogSlate: Updating window title bar state: overlay mode, drag disabled, window buttons hidden, title bar hidden
[2019.11.19-18.01.53:029][  0]LogSlate: Updating window title bar state: overlay mode, drag disabled, window buttons hidden, title bar hidden
[2019.11.19-18.01.53:037][  0]LogSlate: Updating window title bar state: overlay mode, drag disabled, window buttons hidden, title bar hidden
[2019.11.19-18.01.53:044][  0]LogSlate: Updating window title bar state: overlay mode, drag disabled, window buttons hidden, title bar hidden
[2019.11.19-18.01.53:358][  0]LogCollectionManager: Loaded 0 collections in 0.001209 seconds
[2019.11.19-18.01.53:502][  0]LogFileCache: Scanning file cache for directory 'C:/Users/jackg/Documents/GitHub/EpicMegaJam/EpicMegaJam/Saved/Collections/' took 0.00s
[2019.11.19-18.01.53:502][  0]LogFileCache: Scanning file cache for directory 'C:/Users/jackg/Documents/GitHub/EpicMegaJam/EpicMegaJam/Content/Developers/jackg/Collections/' took 0.00s
[2019.11.19-18.01.53:502][  0]LogFileCache: Scanning file cache for directory 'C:/Users/jackg/Documents/GitHub/EpicMegaJam/EpicMegaJam/Content/Collections/' took 0.00s
[2019.11.19-18.01.53:502][  0]LogCollectionManager: Rebuilt the GUID cache for 0 collections in 0.000003 seconds
[2019.11.19-18.01.53:516][  0]LogContentBrowser: Native class hierarchy populated in 0.0091 seconds. Added 2863 classes and 680 folders.
[2019.11.19-18.01.53:691][  0]LogContentBrowser: Native class hierarchy updated for 'WidgetCarousel' in 0.0003 seconds. Added 0 classes and 0 folders.
[2019.11.19-18.01.54:110][  0]LogContentBrowser: Native class hierarchy updated for 'AddContentDialog' in 0.0005 seconds. Added 0 classes and 0 folders.
[2019.11.19-18.01.54:258][  0]LogContentBrowser: Native class hierarchy updated for 'SceneOutliner' in 0.0003 seconds. Added 1 classes and 2 folders.
[2019.11.19-18.01.55:530][  0]LogSlate: Took 0.054665 seconds to synchronously load lazily loaded font '../../../Engine/Content/Slate/Fonts/Roboto-Regular.ttf' (155K)
[2019.11.19-18.01.55:656][  0]LogSlate: Took 0.076606 seconds to synchronously load lazily loaded font '../../../Engine/Content/Slate/Fonts/Roboto-Bold.ttf' (160K)
[2019.11.19-18.01.55:807][  0]LogSlate: Took 0.040407 seconds to synchronously load lazily loaded font '../../../Engine/Content/Editor/Slate/Fonts/FontAwesome.ttf' (139K)
[2019.11.19-18.01.56:474][  0]LogRenderer: Reallocating scene render targets to support 1256x628 Format 10 NumSamples 1 (Frame:1).
[2019.11.19-18.01.57:123][  0]LogContentBrowser: Native class hierarchy updated for 'HierarchicalLODOutliner' in 0.0004 seconds. Added 0 classes and 0 folders.
[2019.11.19-18.01.57:123][  0]LogLoad: (Engine Initialization) Total time: 160.69 seconds
[2019.11.19-18.01.57:123][  0]LogLoad: (Engine Initialization) Total Blueprint compile time: 0.00 seconds
[2019.11.19-18.01.57:712][  0]LogContentStreaming: Texture pool size now 1000 MB
[2019.11.19-18.01.58:271][  2]LogAssetRegistry: Asset discovery search completed in 121.4968 seconds
[2019.11.19-18.01.58:318][  2]LogCollectionManager: Rebuilt the object cache for 0 collections in 0.025564 seconds (found 0 objects)
[2019.11.19-18.01.58:318][  2]LogCollectionManager: Fixed up redirectors for 0 collections in 0.025661 seconds (updated 0 objects)
[2019.11.19-18.02.02:041][206]LogSlate: Took 0.028615 seconds to synchronously load lazily loaded font '../../../Engine/Content/Slate/Fonts/Roboto-Light.ttf' (167K)
[2019.11.19-18.02.12:354][813]LogSlate: FSceneViewport::OnFocusLost() reason 0
[2019.11.19-18.02.14:413][934]LogMaterial: Display: Missing cached shader map for material Material__8, compiling. 
[2019.11.19-18.02.14:557][934]LogShaderCompilers: Display: Worker (1/5): shaders left to compile 22
[2019.11.19-18.02.14:557][934]LogShaderCompilers: Display: Worker (2/5): shaders left to compile 16
[2019.11.19-18.02.14:557][934]LogShaderCompilers: Display: Worker (3/5): shaders left to compile 10
[2019.11.19-18.02.14:557][934]LogShaderCompilers: Display: Worker (4/5): shaders left to compile 4
[2019.11.19-18.02.14:557][934]LogStaticMesh: Building static mesh asteroid_01...
[2019.11.19-18.02.14:603][934]LogSlate: Took 0.000409 seconds to synchronously load lazily loaded font '../../../Engine/Content/Slate/Fonts/Roboto-Light.ttf' (167K)
[2019.11.19-18.02.14:870][934]LogStaticMesh: Built static mesh [0.32s] /Game/Assets/Models/asteroid_01.asteroid_01
[2019.11.19-18.02.15:251][934]LogUObjectHash: Compacting FUObjectHashTables data took   1.26ms
[2019.11.19-18.02.18:826][934]LogSlate: Window 'Delete Assets' being destroyed
[2019.11.19-18.03.48:887][997]LogSlate: Window 'Message' being destroyed
[2019.11.19-18.03.48:940][997]LogFactory: FactoryCreateFile: StaticMesh with FbxFactory (0 0 C:/Users/jackg/Desktop/Uni work/Year 2/Epic Game Jam/asteroid/asteroid_01.FBX)
[2019.11.19-18.03.49:374][997]LogEditorFactories: Performing atomic reimport of [C:/Users/jackg/Desktop/Uni work/Year 2/Epic Game Jam/asteroid/asteroid_01.FBX]
[2019.11.19-18.03.49:426][997]LogFbx: Loading FBX Scene from C:/Users/jackg/Desktop/Uni work/Year 2/Epic Game Jam/asteroid/asteroid_01.FBX
[2019.11.19-18.03.49:463][997]LogFbx: FBX Scene Loaded Succesfully
[2019.11.19-18.03.49:628][997]LogStaticMesh: Building static mesh asteroid_01...
[2019.11.19-18.03.49:631][997]LogStaticMesh: Built static mesh [0.00s] /Game/Assets/Models/asteroid_01.asteroid_01
[2019.11.19-18.03.49:733][997]LogEditorFactories: -- imported successfully
[2019.11.19-18.03.49:737][997]FBXImport: Warning: No smoothing group information was found in this FBX scene.  Please make sure to enable the 'Export Smoothing Groups' option in the FBX Exporter plug-in before exporting the file.  Even for tools that don't support smoothing groups, the FBX Exporter will generate appropriate smoothing data at export-time so that correct vertex normals can be inferred while importing. 
[2019.11.19-18.03.52:192][110]LogActorFactory: Actor Factory created asteroid_01
[2019.11.19-18.03.53:016][137]LogActorFactory: Actor Factory created asteroid_01
[2019.11.19-18.03.59:795][463]LogSlate: Took 0.040906 seconds to synchronously load lazily loaded font '../../../Engine/Content/Slate/Fonts/Roboto-Italic.ttf' (157K)
[2019.11.19-18.04.00:707][516]LogEditorViewport: Clicking on Actor (context menu): StaticMeshActor (asteroid_01)
[2019.11.19-18.04.01:019][516]LogSlate: FSceneViewport::OnFocusLost() reason 5
[2019.11.19-18.04.04:339][711]LogSlate: FSceneViewport::OnFocusLost() reason 5
[2019.11.19-18.04.04:379][711]LogAssetEditorManager: Opening Asset editor for StaticMesh /Game/Assets/Models/asteroid_01.asteroid_01
[2019.11.19-18.04.13:512][ 98]LogSlate: FSceneViewport::OnFocusLost() reason 2
[2019.11.19-18.04.15:936][220]LogTexture: Display: Building textures: Space (BGRA8, 1349X1920)
[2019.11.19-18.04.15:936][220]LogMaterial: Display: Missing cached shader map for material SpaceMat, compiling. 
[2019.11.19-18.04.15:983][220]LogShaderCompilers: Display: Worker (1/5): shaders left to compile 5
[2019.11.19-18.04.15:983][220]LogShaderCompilers: Display: Worker (2/5): shaders left to compile 3
[2019.11.19-18.04.15:983][220]LogShaderCompilers: Display: Worker (3/5): shaders left to compile 1
[2019.11.19-18.04.19:276][391]LogSlate: FSceneViewport::OnFocusLost() reason 2
[2019.11.19-18.04.29:435][672]LogSlate: Window 'Save Asset As' being destroyed
[2019.11.19-18.04.30:778][747]LogSlate: FSceneViewport::OnFocusLost() reason 0
[2019.11.19-18.04.36:478][ 79]LogRenderer: Reallocating scene render targets to support 1432x920 Format 10 NumSamples 1 (Frame:806).
[2019.11.19-18.06.35:981][308]LogSlate: FSceneViewport::OnFocusLost() reason 5
[2019.11.19-18.06.36:026][308]LogFactory: FactoryCreateFile: Texture with ReimportTextureFactory (0 0 C:/Users/jackg/Desktop/Uni work/Year 2/Epic Game Jam/asteroid/asteroid_01_uvw.tga)
[2019.11.19-18.06.36:146][308]LogTexture: Display: Building textures: asteroid_01_uvw (AutoDXT, 1024X1024)
[2019.11.19-18.07.02:835][802]LogSlate: FSceneViewport::OnFocusLost() reason 0
[2019.11.19-18.07.07:970][104]LogSlate: FSceneViewport::OnFocusLost() reason 0
[2019.11.19-18.07.23:392][  6]LogSlate: Window 'asteroid_01' being destroyed
[2019.11.19-18.07.23:400][  6]LogSlate: Window 'asteroid_01' being destroyed
[2019.11.19-18.07.23:440][  6]LogWorld: UWorld::CleanupWorld for World_2, bSessionEnded=true, bCleanupResources=true
[2019.11.19-18.07.26:603][169]LogEditorViewport: Clicking on Actor (LMB): StaticMeshActor (asteroid_01)
[2019.11.19-18.07.28:597][287]Cmd: DELETE
[2019.11.19-18.07.28:597][287]Cmd: ACTOR DELETE
[2019.11.19-18.07.29:052][287]LogEditorActor: Deleted Actor: StaticMeshActor
[2019.11.19-18.07.29:253][287]LogUObjectHash: Compacting FUObjectHashTables data took   1.66ms
[2019.11.19-18.07.29:253][287]LogEditorActor: Deleted 1 Actors (0.305 secs)
[2019.11.19-18.07.31:264][402]LogSlate: FSceneViewport::OnFocusLost() reason 5
[2019.11.19-18.07.31:947][442]LogSlate: FSceneViewport::OnFocusLost() reason 5
[2019.11.19-18.07.32:323][462]LogSlate: FSceneViewport::OnFocusLost() reason 5
[2019.11.19-18.07.33:475][530]LogSlate: FSceneViewport::OnFocusLost() reason 5
[2019.11.19-18.07.39:880][901]LogSlate: FSceneViewport::OnFocusLost() reason 5
[2019.11.19-18.07.42:120][901]LogSlate: Window 'Save Content' being destroyed
[2019.11.19-18.07.42:128][901]Cmd: MAP LOAD FILE="C:/Users/jackg/Documents/GitHub/EpicMegaJam/EpicMegaJam/Content/Levels/Moon.umap" TEMPLATE=0 SHOWPROGRESS=1 FEATURELEVEL=3
[2019.11.19-18.07.42:149][901]LogSlate: FSceneViewport::OnFocusLost() reason 5
[2019.11.19-18.07.42:167][901]LightingResults: New page: Lighting Build
[2019.11.19-18.07.42:168][901]LoadErrors: New page: Loading map: Moon.umap
[2019.11.19-18.07.42:169][901]LogWorld: UWorld::CleanupWorld for MainMenu, bSessionEnded=true, bCleanupResources=true
[2019.11.19-18.07.42:183][901]MapCheck: New page: Map Check
[2019.11.19-18.07.42:183][901]LightingResults: New page: Lighting Build
[2019.11.19-18.07.42:255][901]LogUObjectHash: Compacting FUObjectHashTables data took   6.03ms
[2019.11.19-18.07.43:015][901]LogTexture: Display: Building textures: Health_and_shield (BGRA8, 2480X3508)
[2019.11.19-18.07.43:077][901]LogAIModule: Creating AISystem for world Moon
[2019.11.19-18.07.43:311][901]LogEditorServer: Finished looking for orphan Actors (0.000 secs)
[2019.11.19-18.07.43:339][901]LogUObjectHash: Compacting FUObjectHashTables data took   2.75ms
[2019.11.19-18.07.43:379][901]Cmd: MAP CHECKDEP NOCLEARLOG
[2019.11.19-18.07.43:379][901]MapCheck: Map check complete: 0 Error(s), 0 Warning(s), took 0.131ms to complete.
[2019.11.19-18.07.43:379][901]LogFileHelpers: Loading map 'Moon' took 1.253
[2019.11.19-18.07.54:924][578]LogSlate: FSceneViewport::OnFocusLost() reason 0
[2019.11.19-18.07.55:170][592]LogActorFactory: Actor Factory created asteroid_01
[2019.11.19-18.07.55:609][617]LogActorFactory: Actor Factory created asteroid_01
[2019.11.19-18.08.00:558][910]LogSlate: FSceneViewport::OnFocusLost() reason 0
[2019.11.19-18.08.02:210][  6]LogMaterial: Display: Missing cached shader map for material asteroid_01_uvw_Mat, compiling. 
[2019.11.19-18.08.02:260][  6]LogShaderCompilers: Display: Worker (1/5): shaders left to compile 22
[2019.11.19-18.08.02:260][  6]LogShaderCompilers: Display: Worker (2/5): shaders left to compile 16
[2019.11.19-18.08.02:260][  6]LogShaderCompilers: Display: Worker (3/5): shaders left to compile 10
[2019.11.19-18.08.02:260][  6]LogShaderCompilers: Display: Worker (4/5): shaders left to compile 4
[2019.11.19-18.08.17:145][888]LogSlate: FSceneViewport::OnFocusLost() reason 5
[2019.11.19-18.08.17:185][888]Cmd: OBJ SAVEPACKAGE PACKAGE="/Game/Levels/Moon" FILE="C:/Users/jackg/Documents/GitHub/EpicMegaJam/EpicMegaJam/Content/Levels/Moon.umap" SILENT=true AUTOSAVING=false KEEPDIRTY=false
[2019.11.19-18.08.17:230][888]LogUObjectHash: Compacting FUObjectHashTables data took   1.65ms
[2019.11.19-18.08.17:889][888]LogSavePackage: Moving 'C:/Users/jackg/Documents/GitHub/EpicMegaJam/EpicMegaJam/Saved/MoonADA083AA4991691AF6766082F1686DD7.tmp' to 'C:/Users/jackg/Documents/GitHub/EpicMegaJam/EpicMegaJam/Content/Levels/Moon.umap'
