"../../../../../../Users/danie/Documents/GitHub/EpicMegaJam/EpicMegaJam/EpicMegaJam/Content/Assets/Models/cat_uvw.uasset" 0
"../../../../../../Users/danie/Documents/GitHub/EpicMegaJam/EpicMegaJam/EpicMegaJam/Content/Assets/Models/CatMat.uasset" 1
"../../../../../../Users/danie/Documents/GitHub/EpicMegaJam/EpicMegaJam/EpicMegaJam/Content/Assets/Models/cat_Object005.uasset" 2
"../../../Engine/Content/Functions/Engine_MaterialFunctions01/Opacity/CameraDepthFade.uasset" 3
"../../../Engine/Content/EngineMaterials/T_Default_Material_Grid_M.uasset" 4
"../../../Engine/Content/EngineMaterials/T_Default_Material_Grid_N.uasset" 5
"../../../Engine/Content/EngineMaterials/WorldGridMaterial.uasset" 6
"../../../../../../Users/danie/Documents/GitHub/EpicMegaJam/EpicMegaJam/EpicMegaJam/Content/Assets/Models/cat_Sphere003.uasset" 7
"../../../../../../Users/danie/Documents/GitHub/EpicMegaJam/EpicMegaJam/EpicMegaJam/Content/Assets/Models/cat_Sphere005.uasset" 8
"../../../../../../Users/danie/Documents/GitHub/EpicMegaJam/EpicMegaJam/EpicMegaJam/Content/Assets/Models/Material__7.uasset" 9
"../../Plugins/2D/Paper2D/Content/PlaceholderTextures/DummySpriteTexture.uasset" 10
"../../Plugins/2D/Paper2D/Content/DummySpriteTexture.uasset" 11
"../../Plugins/2D/Paper2D/Content/DefaultSpriteMaterial.uasset" 12
"../../Plugins/2D/Paper2D/Content/TranslucentUnlitSpriteMaterial.uasset" 13
"../../../../../../Users/danie/Documents/GitHub/EpicMegaJam/EpicMegaJam/EpicMegaJam/Content/Assets/UI/ControlsScreen.uasset" 14
"../../../../../../Users/danie/Documents/GitHub/EpicMegaJam/EpicMegaJam/EpicMegaJam/Content/Assets/UI/ControlsScreen_Sprite_0.uasset" 15
"../../../../../../Users/danie/Documents/GitHub/EpicMegaJam/EpicMegaJam/EpicMegaJam/Content/Assets/UI/ControlsScreen_Sprite_1.uasset" 16
"../../../../../../Users/danie/Documents/GitHub/EpicMegaJam/EpicMegaJam/EpicMegaJam/Content/Assets/UI/ControlsScreen_Sprite_12.uasset" 17
"../../../../../../Users/danie/Documents/GitHub/EpicMegaJam/EpicMegaJam/EpicMegaJam/Content/Assets/UI/ControlsScreen_Sprite_13.uasset" 18
"../../../../../../Users/danie/Documents/GitHub/EpicMegaJam/EpicMegaJam/EpicMegaJam/Content/Assets/UI/ControlsScreen_Sprite_14.uasset" 19
"../../../../../../Users/danie/Documents/GitHub/EpicMegaJam/EpicMegaJam/EpicMegaJam/Content/Assets/UI/ControlsScreen_Sprite_15.uasset" 20
"../../../../../../Users/danie/Documents/GitHub/EpicMegaJam/EpicMegaJam/EpicMegaJam/Content/Assets/UI/ControlsScreen_Sprite_16.uasset" 21
"../../../../../../Users/danie/Documents/GitHub/EpicMegaJam/EpicMegaJam/EpicMegaJam/Content/Assets/UI/ControlsScreen_Sprite_17.uasset" 22
"../../../../../../Users/danie/Documents/GitHub/EpicMegaJam/EpicMegaJam/EpicMegaJam/Content/Assets/UI/ControlsScreen_Sprite_18.uasset" 23
"../../../../../../Users/danie/Documents/GitHub/EpicMegaJam/EpicMegaJam/EpicMegaJam/Content/Assets/UI/ControlsScreen_Sprite_19.uasset" 24
"../../../../../../Users/danie/Documents/GitHub/EpicMegaJam/EpicMegaJam/EpicMegaJam/Content/Assets/UI/ControlsScreen_Sprite_2.uasset" 25
"../../../../../../Users/danie/Documents/GitHub/EpicMegaJam/EpicMegaJam/EpicMegaJam/Content/Assets/UI/ControlsScreen_Sprite_20.uasset" 26
"../../../../../../Users/danie/Documents/GitHub/EpicMegaJam/EpicMegaJam/EpicMegaJam/Content/Assets/UI/ControlsScreen_Sprite_21.uasset" 27
"../../../../../../Users/danie/Documents/GitHub/EpicMegaJam/EpicMegaJam/EpicMegaJam/Content/Assets/UI/ControlsScreen_Sprite_23.uasset" 28
"../../../../../../Users/danie/Documents/GitHub/EpicMegaJam/EpicMegaJam/EpicMegaJam/Content/Assets/UI/ControlsScreen_Sprite_24.uasset" 29
"../../../../../../Users/danie/Documents/GitHub/EpicMegaJam/EpicMegaJam/EpicMegaJam/Content/Assets/UI/ControlsScreen_Sprite_25.uasset" 30
"../../../../../../Users/danie/Documents/GitHub/EpicMegaJam/EpicMegaJam/EpicMegaJam/Content/Assets/UI/ControlsScreen_Sprite_26.uasset" 31
"../../../../../../Users/danie/Documents/GitHub/EpicMegaJam/EpicMegaJam/EpicMegaJam/Content/Assets/UI/ControlsScreen_Sprite_27.uasset" 32
"../../../../../../Users/danie/Documents/GitHub/EpicMegaJam/EpicMegaJam/EpicMegaJam/Content/Assets/UI/ControlsScreen_Sprite_28.uasset" 33
"../../../../../../Users/danie/Documents/GitHub/EpicMegaJam/EpicMegaJam/EpicMegaJam/Content/Assets/UI/ControlsScreen_Sprite_29.uasset" 34
"../../../../../../Users/danie/Documents/GitHub/EpicMegaJam/EpicMegaJam/EpicMegaJam/Content/Assets/UI/ControlsScreen_Sprite_3.uasset" 35
"../../../../../../Users/danie/Documents/GitHub/EpicMegaJam/EpicMegaJam/EpicMegaJam/Content/Assets/UI/ControlsScreen_Sprite_30.uasset" 36
"../../../../../../Users/danie/Documents/GitHub/EpicMegaJam/EpicMegaJam/EpicMegaJam/Content/Assets/UI/ControlsScreen_Sprite_31.uasset" 37
"../../../../../../Users/danie/Documents/GitHub/EpicMegaJam/EpicMegaJam/EpicMegaJam/Content/Assets/UI/ControlsScreen_Sprite_32.uasset" 38
"../../../../../../Users/danie/Documents/GitHub/EpicMegaJam/EpicMegaJam/EpicMegaJam/Content/Assets/UI/ControlsScreen_Sprite_33.uasset" 39
"../../../../../../Users/danie/Documents/GitHub/EpicMegaJam/EpicMegaJam/EpicMegaJam/Content/Assets/UI/ControlsScreen_Sprite_4.uasset" 40
"../../../../../../Users/danie/Documents/GitHub/EpicMegaJam/EpicMegaJam/EpicMegaJam/Content/Assets/UI/ControlsScreen_Sprite_5.uasset" 41
"../../../../../../Users/danie/Documents/GitHub/EpicMegaJam/EpicMegaJam/EpicMegaJam/Content/Assets/UI/ControlsScreen_Sprite_6.uasset" 42
"../../../../../../Users/danie/Documents/GitHub/EpicMegaJam/EpicMegaJam/EpicMegaJam/Content/Assets/UI/ControlsScreen_Sprite_7.uasset" 43
"../../../../../../Users/danie/Documents/GitHub/EpicMegaJam/EpicMegaJam/EpicMegaJam/Content/Assets/UI/Failed_1.uasset" 44
"../../../../../../Users/danie/Documents/GitHub/EpicMegaJam/EpicMegaJam/EpicMegaJam/Content/Assets/UI/Failed_2.uasset" 45
"../../../../../../Users/danie/Documents/GitHub/EpicMegaJam/EpicMegaJam/EpicMegaJam/Content/Assets/UI/Failed_3.uasset" 46
"../../../../../../Users/danie/Documents/GitHub/EpicMegaJam/EpicMegaJam/EpicMegaJam/Content/Assets/UI/Failed_4.uasset" 47
"../../../../../../Users/danie/Documents/GitHub/EpicMegaJam/EpicMegaJam/EpicMegaJam/Content/Assets/UI/Failed_6.uasset" 48
"../../../../../../Users/danie/Documents/GitHub/EpicMegaJam/EpicMegaJam/EpicMegaJam/Content/Assets/UI/Flying_Cat_1.uasset" 49
"../../../../../../Users/danie/Documents/GitHub/EpicMegaJam/EpicMegaJam/EpicMegaJam/Content/Assets/UI/Flying_Cat_1_Sprite.uasset" 50
"../../../../../../Users/danie/Documents/GitHub/EpicMegaJam/EpicMegaJam/EpicMegaJam/Content/Assets/UI/Flying_Cat_2.uasset" 51
"../../../../../../Users/danie/Documents/GitHub/EpicMegaJam/EpicMegaJam/EpicMegaJam/Content/Assets/UI/Flying_Cat_2_Sprite.uasset" 52
"../../../../../../Users/danie/Documents/GitHub/EpicMegaJam/EpicMegaJam/EpicMegaJam/Content/Assets/UI/Flying_Cat_3.uasset" 53
"../../../../../../Users/danie/Documents/GitHub/EpicMegaJam/EpicMegaJam/EpicMegaJam/Content/Assets/UI/Flying_Cat_3_Sprite.uasset" 54
"../../../../../../Users/danie/Documents/GitHub/EpicMegaJam/EpicMegaJam/EpicMegaJam/Content/Assets/UI/Flying_Cat_4.uasset" 55
"../../../../../../Users/danie/Documents/GitHub/EpicMegaJam/EpicMegaJam/EpicMegaJam/Content/Assets/UI/Flying_Cat_4_Sprite.uasset" 56
"../../../../../../Users/danie/Documents/GitHub/EpicMegaJam/EpicMegaJam/EpicMegaJam/Content/Assets/UI/Flying_Cat_5.uasset" 57
"../../../../../../Users/danie/Documents/GitHub/EpicMegaJam/EpicMegaJam/EpicMegaJam/Content/Assets/UI/Flying_Cat_5_Sprite.uasset" 58
"../../../../../../Users/danie/Documents/GitHub/EpicMegaJam/EpicMegaJam/EpicMegaJam/Content/Assets/UI/Flying_Cat_6.uasset" 59
"../../../../../../Users/danie/Documents/GitHub/EpicMegaJam/EpicMegaJam/EpicMegaJam/Content/Assets/UI/Flying_Cat_6_Sprite.uasset" 60
"../../../../../../Users/danie/Documents/GitHub/EpicMegaJam/EpicMegaJam/EpicMegaJam/Content/Assets/UI/Flying_Cat_7.uasset" 61
"../../../../../../Users/danie/Documents/GitHub/EpicMegaJam/EpicMegaJam/EpicMegaJam/Content/Assets/UI/Flying_Cat_7_Sprite.uasset" 62
"../../../../../../Users/danie/Documents/GitHub/EpicMegaJam/EpicMegaJam/EpicMegaJam/Content/Assets/UI/Flying_Cat.uasset" 63
"../../../../../../Users/danie/Documents/GitHub/EpicMegaJam/EpicMegaJam/EpicMegaJam/Content/Assets/UI/Main_Menu_Background.uasset" 64
"../../../../../../Users/danie/Documents/GitHub/EpicMegaJam/EpicMegaJam/EpicMegaJam/Content/Assets/UI/Pause_Screen.uasset" 65
"../../../../../../Users/danie/Documents/GitHub/EpicMegaJam/EpicMegaJam/EpicMegaJam/Content/Assets/UI/Pause_Screen_Sprite_0.uasset" 66
"../../../../../../Users/danie/Documents/GitHub/EpicMegaJam/EpicMegaJam/EpicMegaJam/Content/Assets/UI/Pause_Screen_Sprite_1.uasset" 67
"../../../../../../Users/danie/Documents/GitHub/EpicMegaJam/EpicMegaJam/EpicMegaJam/Content/Assets/UI/Pause_Screen_Sprite_2.uasset" 68
"../../../Engine/Content/BasicShapes/BasicShapeMaterial.uasset" 69
"../../../Engine/Content/BasicShapes/Cube.uasset" 70
"../../../Engine/Content/EngineMaterials/DefaultMaterial.uasset" 71
"../../../Engine/Content/BasicShapes/Sphere.uasset" 72
"../../../../../../Users/danie/Documents/GitHub/EpicMegaJam/EpicMegaJam/EpicMegaJam/Content/BlueprintClass/NewPlayerController.uasset" 73
"../../../../../../Users/danie/Documents/GitHub/EpicMegaJam/EpicMegaJam/EpicMegaJam/Content/Widgets/W_FadeOutControls.uasset" 74
"../../../Engine/Content/Animation/DefaultAnimCurveCompressionSettings.uasset" 75
"../../../Engine/Content/ArtTools/RenderToTexture/Meshes/S_1_Unit_Plane.uasset" 76
"../../../Engine/Content/BasicShapes/Cone.uasset" 77
"../../../Engine/Content/EditorLandscapeResources/DataLayer.uasset" 78
"../../../Engine/Content/EditorMaterials/GizmoMaterial.uasset" 79
"../../../Engine/Content/EditorMaterials/MAT_Groups_Toggle.uasset" 80
"../../../Engine/Content/EditorMaterials/MAT_Groups_Visibility.uasset" 81
"../../../Engine/Content/EditorMaterials/PreviewShadowIndicator.uasset" 82
"../../../Engine/Content/EditorMaterials/PreviewShadowIndicatorMaterial.uasset" 83
"../../../Engine/Content/EditorMaterials/MatineeGroups/MAT_ColorTrack.uasset" 84
"../../../Engine/Content/EditorMaterials/MatineeGroups/MAT_Groups_Anim.uasset" 85
"../../../Engine/Content/EditorMaterials/MatineeGroups/MAT_Groups_AudioMaster.uasset" 86
"../../../Engine/Content/EditorMaterials/MatineeGroups/MAT_Groups_Director.uasset" 87
"../../../Engine/Content/EditorMaterials/MatineeGroups/MAT_Groups_Event.uasset" 88
"../../../Engine/Content/EditorMaterials/MatineeGroups/MAT_Groups_Fade.uasset" 89
"../../../Engine/Content/EditorMaterials/MatineeGroups/MAT_Groups_Float.uasset" 90
"../../../Engine/Content/EditorMaterials/MatineeGroups/MAT_Groups_Move.uasset" 91
"../../../Engine/Content/EditorMaterials/MatineeGroups/MAT_Groups_Slomo.uasset" 92
"../../../Engine/Content/EditorMaterials/MatineeGroups/MAT_Groups_Sound.uasset" 93
"../../../Engine/Content/EditorMaterials/MatineeGroups/MAT_Groups_Vector.uasset" 94
"../../../Engine/Content/EditorMaterials/ParticleSystems/PSysThumbnail_NoImage.uasset" 95
"../../../Engine/Content/EditorMaterials/ParticleSystems/PSysThumbnail_OOD.uasset" 96
"../../../Engine/Content/EditorMaterials/Camera/CineMat.uasset" 97
"../../../Engine/Content/EditorMaterials/Camera/MI_CineMat_Rig.uasset" 98
"../../../Engine/Content/EditorMeshes/Camera/SM_CraneRig_Arm.uasset" 99
"../../../Engine/Content/EditorMeshes/Camera/SM_CraneRig_Base.uasset" 100
"../../../Engine/Content/EditorMeshes/Camera/SM_CraneRig_Body.uasset" 101
"../../../Engine/Content/EditorMeshes/Camera/SM_CraneRig_Mount.uasset" 102
"../../../Engine/Content/EditorMeshes/Camera/SM_RailRig_Mount.uasset" 103
"../../../Engine/Content/EditorMeshes/Camera/SM_RailRig_Track.uasset" 104
"../../../Engine/Content/EditorResources/BSPVertex.uasset" 105
"../../../Engine/Content/EditorResources/EmptyActor.uasset" 106
"../../../Engine/Content/EditorResources/S_Actor.uasset" 107
"../../../Engine/Content/EditorResources/S_Note.uasset" 108
"../../../Engine/Content/EditorResources/S_Solver.uasset" 109
"../../../Engine/Content/EditorResources/S_Trigger.uasset" 110
"../../../Engine/Content/EditorResources/LightIcons/S_LightError.uasset" 111
"../../../Engine/Content/EditorResources/SequenceRecorder/Countdown.uasset" 112
"../../../Engine/Content/EditorResources/SequenceRecorder/RecordingIndicator.uasset" 113
"../../../Engine/Content/EditorSounds/Notifications/CompileFailed.uasset" 114
"../../../Engine/Content/EditorSounds/Notifications/CompileFailed_Cue.uasset" 115
"../../../Engine/Content/EditorSounds/Notifications/CompileSuccess.uasset" 116
"../../../Engine/Content/EditorSounds/Notifications/CompileStart_Cue.uasset" 117
"../../../Engine/Content/EditorSounds/Notifications/CompileSuccess_Cue.uasset" 118
"../../../Engine/Content/EngineDamageTypes/DmgTypeBP_Environmental.uasset" 119
"../../../Engine/Content/EngineDebugMaterials/HeatmapGradient.uasset" 120
"../../../Engine/Content/EngineDebugMaterials/BoneWeightMaterial.uasset" 121
"../../../Engine/Content/EngineDebugMaterials/ClothMaterial.uasset" 122
"../../../Engine/Content/EngineDebugMaterials/ClothMaterial_WF.uasset" 123
"../../../Engine/Content/EngineDebugMaterials/DebugEditorMaterial.uasset" 124
"../../../Engine/Content/EngineDebugMaterials/DebugMeshMaterial.uasset" 125
"../../../Engine/Content/EngineDebugMaterials/GeomMaterial.uasset" 126
"../../../Engine/Content/EngineDebugMaterials/M_SimpleTranslucent.uasset" 127
"../../../Engine/Content/Functions/Engine_MaterialFunctions02/Utility/CameraDirectionVector.uasset" 128
"../../../Engine/Content/EngineDebugMaterials/VolumeToRender.uasset" 129
"../../../Engine/Content/EngineDebugMaterials/M_VolumeRenderSphereTracePP.uasset" 130
"../../../Engine/Content/EngineDebugMaterials/WireframeMaterial.uasset" 131
"../../../Engine/Content/EngineFonts/Faces/RobotoBold.uasset" 132
"../../../Engine/Content/EngineFonts/Faces/RobotoBoldItalic.uasset" 133
"../../../Engine/Content/EngineFonts/Faces/RobotoItalic.uasset" 134
"../../../Engine/Content/EngineFonts/Faces/RobotoLight.uasset" 135
"../../../Engine/Content/EngineFonts/Faces/RobotoRegular.uasset" 136
"../../../Engine/Content/EngineFonts/Roboto.uasset" 137
"../../../Engine/Content/EngineMaterials/BaseFlattenDiffuseMap.uasset" 138
"../../../Engine/Content/EngineMaterials/BaseFlattenEmissiveMap.uasset" 139
"../../../Engine/Content/EngineMaterials/BaseFlattenGrayscaleMap.uasset" 140
"../../../Engine/Content/EngineMaterials/BaseFlattenNormalMap.uasset" 141
"../../../Engine/Content/EngineMaterials/BaseFlattenMaterial.uasset" 142
"../../../Engine/Content/EngineMaterials/BlueNoise.uasset" 143
"../../../Engine/Content/EngineMaterials/DefaultBloomKernel.uasset" 144
"../../../Engine/Content/EngineMaterials/DefaultBokeh.uasset" 145
"../../../Engine/Content/EngineMaterials/DefaultDiffuse.uasset" 146
"../../../Engine/Content/EngineMaterials/DefaultDeferredDecalMaterial.uasset" 147
"../../../Engine/Content/EngineMaterials/DefaultLightFunctionMaterial.uasset" 148
"../../../Engine/Content/EngineMaterials/DefaultPhysicalMaterial.uasset" 149
"../../../Engine/Content/Functions/Engine_MaterialFunctions02/Utility/BreakOutFloat2Components.uasset" 150
"../../../Engine/Content/EngineMaterials/DefaultPostProcessMaterial.uasset" 151
"../../../Engine/Content/EngineFonts/RobotoDistanceField.uasset" 152
"../../../Engine/Content/EngineMaterials/DefaultTextMaterialOpaque.uasset" 153
"../../../Engine/Content/EngineMaterials/DefaultVirtualTextureMaterial.uasset" 154
"../../../Engine/Content/EngineMaterials/DefaultWhiteGrid.uasset" 155
"../../../Engine/Content/EngineMaterials/EditorBrushMaterial.uasset" 156
"../../../Engine/Content/EngineMaterials/DefaultWhiteGrid_Low.uasset" 157
"../../../Engine/Content/EngineMaterials/EmissiveMeshMaterial.uasset" 158
"../../../Engine/Content/EngineMaterials/Good64x64TilingNoiseHighFreq.uasset" 159
"../../../Engine/Content/EngineMaterials/MiniFont.uasset" 160
"../../../Engine/Content/EngineMaterials/InvalidLightmapSettings.uasset" 161
"../../../Engine/Content/EngineMaterials/M_InvalidLightmapSettings.uasset" 162
"../../../Engine/Content/Functions/Engine_MaterialFunctions02/WorldPositionOffset/CameraOffset.uasset" 163
"../../../Engine/Content/EngineMaterials/PhAT_JointLimitMaterial.uasset" 164
"../../../Engine/Content/EngineMaterials/PreintegratedSkinBRDF.uasset" 165
"../../../Engine/Content/EngineMaterials/RemoveSurfaceMaterial.uasset" 166
"../../../Engine/Content/EngineMaterials/WeightMapPlaceholderTexture.uasset" 167
"../../../Engine/Content/EngineResources/WhiteSquareTexture.uasset" 168
"../../../Engine/Content/EngineMaterials/Widget3DPassThrough.uasset" 169
"../../../Engine/Content/EngineMaterials/Widget3DPassThrough_Masked.uasset" 170
"../../../Engine/Content/EngineMaterials/Widget3DPassThrough_Opaque.uasset" 171
"../../../Engine/Content/EngineMaterials/Widget3DPassThrough_Masked_OneSided.uasset" 172
"../../../Engine/Content/EngineMaterials/Widget3DPassThrough_Opaque_OneSided.uasset" 173
"../../../Engine/Content/EngineMaterials/Widget3DPassThrough_Translucent.uasset" 174
"../../../Engine/Content/EngineMaterials/Widget3DPassThrough_Translucent_OneSided.uasset" 175
"../../../Engine/Content/EngineMeshes/Cylinder.uasset" 176
"../../../Engine/Content/EngineMeshes/Sphere.uasset" 177
"../../../Engine/Content/EngineResources/Black.uasset" 178
"../../../Engine/Content/EngineResources/DefaultTexture.uasset" 179
"../../../Engine/Content/EngineResources/DefaultTextureCube.uasset" 180
"../../../Engine/Content/EngineResources/DefaultVolumeTexture2D.uasset" 181
"../../../Engine/Content/EngineResources/DefaultVolumeTexture.uasset" 182
"../../../Engine/Content/EngineResources/GradientTexture0.uasset" 183
"../../../Engine/Content/EngineSounds/Master.uasset" 184
"../../../Engine/Content/Functions/Engine_MaterialFunctions01/Shading/ConvertFromDiffSpec.uasset" 185
"../../../Engine/Content/Functions/Engine_MaterialFunctions01/Shading/PowerToRoughness.uasset" 186
"../../../Engine/Content/Maps/Templates/Thumbnails/Default.uasset" 187
"../../../Engine/Content/Maps/Templates/Thumbnails/VR-Basic.uasset" 188
"../../../Engine/Content/MobileResources/T_MobileControls_texture.uasset" 189
"../../../Engine/Content/MobileResources/T_MobileMenu2.uasset" 190
"../../../Engine/Content/MobileResources/HUD/AnalogHat.uasset" 191
"../../../Engine/Content/MobileResources/HUD/VirtualJoystick_Background.uasset" 192
"../../../Engine/Content/MobileResources/HUD/VirtualJoystick_Thumb.uasset" 193
"../../../Engine/Content/MobileResources/HUD/DefaultVirtualJoysticks.uasset" 194
"../../../Engine/Content/MobileResources/HUD/LeftVirtualJoystickOnly.uasset" 195
"../../../Engine/Content/MobileResources/HUD/MobileHUDButton1_off.uasset" 196
"../../../Engine/Content/MobileResources/HUD/MobileHUDButton1_on.uasset" 197
"../../../Engine/Content/MobileResources/HUD/MobileHUDButton2_off.uasset" 198
"../../../Engine/Content/MobileResources/HUD/MobileHUDButton2_on.uasset" 199
"../../../Engine/Content/MobileResources/HUD/MobileHUDButton3.uasset" 200
"../../../Engine/Content/MobileResources/HUD/MobileHUDButtonFire.uasset" 201
"../../../Engine/Content/MobileResources/HUD/MobileHUDDirectionPad.uasset" 202
"../../../Engine/Content/MobileResources/HUD/MobileHUDDirectionPad2.uasset" 203
"../../../Engine/Content/MobileResources/HUD/MobileHUDDirectionPad3.uasset" 204
"../../../Engine/Content/MobileResources/HUD/MobileHUDDirectionStick.uasset" 205
"../../../Engine/Content/MobileResources/HUD/T_Castle_ThumbstickInner.uasset" 206
"../../../Engine/Content/MobileResources/HUD/T_Castle_ThumbstickOutter.uasset" 207
"../../../Engine/Content/Tutorial/ContentIntroCurve.uasset" 208
"../../../Engine/Content/Tutorial/Basics/LevelEditorAttract.uasset" 209
"../../../Engine/Content/VREditor/LaserPointer/VR_LaserPower_01.uasset" 210
"../../../Engine/Content/VREditor/TransformGizmo/TransformGizmoMaterial.uasset" 211
"../../../Engine/Content/VREditor/TransformGizmo/TranslucentTransformGizmoMaterial.uasset" 212
"../../../Engine/Content/VREditor/TransformGizmo/BoundingBoxCorner.uasset" 213
"../../../Engine/Content/VREditor/TransformGizmo/BoundingBoxEdge.uasset" 214
"../../../Engine/Content/VREditor/TransformGizmo/PlaneTranslationHandle.uasset" 215
"../../../Engine/Content/VREditor/TransformGizmo/Main.uasset" 216
"../../../Engine/Content/VREditor/TransformGizmo/Xray.uasset" 217
"../../../Engine/Content/VREditor/TransformGizmo/SM_Sequencer_Key.uasset" 218
"../../../Engine/Content/VREditor/TransformGizmo/SM_Sequencer_Node.uasset" 219
"../../Plugins/2D/Paper2D/Content/DummySprite.uasset" 220
"../../Plugins/2D/Paper2D/Content/DefaultPaperTerrainMaterial.uasset" 221
"../../Plugins/2D/Paper2D/Content/MaskedUnlitSpriteMaterial.uasset" 222
"../../Plugins/2D/Paper2D/Content/OpaqueUnlitSpriteMaterial.uasset" 223
"../../Plugins/Runtime/Oculus/OculusVR/Content/OculusMR_RenderTarget.uasset" 224
"../../../Engine/Content/Functions/Engine_MaterialFunctions02/Utility/BreakOutFloat4Components.uasset" 225
"../../../Engine/Content/Functions/Engine_MaterialFunctions02/Utility/MakeFloat2.uasset" 226
"../../../Engine/Content/Functions/Engine_MaterialFunctions02/Utility/MakeFloat3.uasset" 227
"../../Plugins/Runtime/Oculus/OculusVR/Content/Materials/OculusMR_ChromaKey.uasset" 228
"../../Plugins/Runtime/Oculus/OculusVR/Content/Materials/OculusMR_ChromaKey_Lit.uasset" 229
"../../Plugins/Runtime/Oculus/OculusVR/Content/Materials/OculusMR_OpaqueColoredMaterial.uasset" 230
"../../Plugins/Runtime/Oculus/OculusVR/Content/Materials/OculusMR_WhiteMaterial.uasset" 231
"../../../../../../Users/danie/Documents/GitHub/EpicMegaJam/EpicMegaJam/EpicMegaJam/Content/Blueprints/MainMenuMode.uasset" 232
"../../../../../../Users/danie/Documents/GitHub/EpicMegaJam/EpicMegaJam/EpicMegaJam/Content/Assets/UI/Main_Menu_Buttons.uasset" 233
"../../../../../../Users/danie/Documents/GitHub/EpicMegaJam/EpicMegaJam/EpicMegaJam/Content/Assets/UI/Main_Menu_Buttons_Sprite_0.uasset" 234
"../../../../../../Users/danie/Documents/GitHub/EpicMegaJam/EpicMegaJam/EpicMegaJam/Content/Assets/UI/Main_Menu_Buttons_Sprite_2.uasset" 235
"../../../../../../Users/danie/Documents/GitHub/EpicMegaJam/EpicMegaJam/EpicMegaJam/Content/Assets/UI/Main_Menu_Buttons_Sprite_3.uasset" 236
"../../../../../../Users/danie/Documents/GitHub/EpicMegaJam/EpicMegaJam/EpicMegaJam/Content/Assets/UI/Main_Menu_Buttons_Sprite_4.uasset" 237
"../../../../../../Users/danie/Documents/GitHub/EpicMegaJam/EpicMegaJam/EpicMegaJam/Content/Assets/UI/New_Background.uasset" 238
"../../../../../../Users/danie/Documents/GitHub/EpicMegaJam/EpicMegaJam/EpicMegaJam/Content/Assets/UI/Title.uasset" 239
"../../../../../../Users/danie/Documents/GitHub/EpicMegaJam/EpicMegaJam/EpicMegaJam/Content/Sounds/Menu_Selection_Click.uasset" 240
"../../../../../../Users/danie/Documents/GitHub/EpicMegaJam/EpicMegaJam/EpicMegaJam/Content/Assets/UI/Credits.uasset" 241
"../../../../../../Users/danie/Documents/GitHub/EpicMegaJam/EpicMegaJam/EpicMegaJam/Content/Widgets/W_Credits.uasset" 242
"../../../../../../Users/danie/Documents/GitHub/EpicMegaJam/EpicMegaJam/EpicMegaJam/Content/Assets/UI/Astorid_capture_done.uasset" 243
"../../../../../../Users/danie/Documents/GitHub/EpicMegaJam/EpicMegaJam/EpicMegaJam/Content/Assets/UI/How_To_Play.uasset" 244
"../../../../../../Users/danie/Documents/GitHub/EpicMegaJam/EpicMegaJam/EpicMegaJam/Content/Assets/UI/Main_Menu_Buttons_Sprite_10.uasset" 245
"../../../../../../Users/danie/Documents/GitHub/EpicMegaJam/EpicMegaJam/EpicMegaJam/Content/Assets/UI/Metal_Plate_capture_done.uasset" 246
"../../../../../../Users/danie/Documents/GitHub/EpicMegaJam/EpicMegaJam/EpicMegaJam/Content/Blueprints/UFOCaptureDone.uasset" 247
"../../../../../../Users/danie/Documents/GitHub/EpicMegaJam/EpicMegaJam/EpicMegaJam/Content/Widgets/W_HowToPlay.uasset" 248
"../../../../../../Users/danie/Documents/GitHub/EpicMegaJam/EpicMegaJam/EpicMegaJam/Content/Blueprints/BP_HighScoreSave.uasset" 249
"../../../../../../Users/danie/Documents/GitHub/EpicMegaJam/EpicMegaJam/EpicMegaJam/Content/Blueprints/BP_SaveGame.uasset" 250
"../../../../../../Users/danie/Documents/GitHub/EpicMegaJam/EpicMegaJam/EpicMegaJam/Content/Assets/UI/Difficulty_screen_background.uasset" 251
"../../../../../../Users/danie/Documents/GitHub/EpicMegaJam/EpicMegaJam/EpicMegaJam/Content/Assets/UI/Difficulty_without_bg.uasset" 252
"../../../../../../Users/danie/Documents/GitHub/EpicMegaJam/EpicMegaJam/EpicMegaJam/Content/Assets/UI/Difficulty_without_bg_Sprite_0.uasset" 253
"../../../../../../Users/danie/Documents/GitHub/EpicMegaJam/EpicMegaJam/EpicMegaJam/Content/Assets/UI/Difficulty_without_bg_Sprite_1.uasset" 254
"../../../../../../Users/danie/Documents/GitHub/EpicMegaJam/EpicMegaJam/EpicMegaJam/Content/Assets/UI/Difficulty_without_bg_Sprite_3.uasset" 255
"../../../../../../Users/danie/Documents/GitHub/EpicMegaJam/EpicMegaJam/EpicMegaJam/Content/Assets/UI/Difficulty_without_bg_Sprite_4.uasset" 256
"../../../../../../Users/danie/Documents/GitHub/EpicMegaJam/EpicMegaJam/EpicMegaJam/Content/Widgets/W_LevelSelect.uasset" 257
"../../../../../../Users/danie/Documents/GitHub/EpicMegaJam/EpicMegaJam/EpicMegaJam/Content/Levels/MainMenuGUI.uasset" 258
"../../../../../../Users/danie/Documents/GitHub/EpicMegaJam/EpicMegaJam/EpicMegaJam/Content/Sounds/Drifting_Through_Space_WAV.uasset" 259
"../../../../../../Users/danie/Documents/GitHub/EpicMegaJam/EpicMegaJam/EpicMegaJam/Content/Sounds/Drifting_Through_Space_WAV_Cue.uasset" 260
"../../../../../../Users/danie/Documents/GitHub/EpicMegaJam/EpicMegaJam/EpicMegaJam/Content/Levels/MainMenu.umap" 261
"../../../../../../Users/danie/Documents/GitHub/EpicMegaJam/EpicMegaJam/EpicMegaJam/Content/Assets/Models/asteroid_01_uvw.uasset" 262
"../../../../../../Users/danie/Documents/GitHub/EpicMegaJam/EpicMegaJam/EpicMegaJam/Content/Assets/Models/asteroidmaterial.uasset" 263
"../../../Engine/Content/BasicShapes/Plane.uasset" 264
"../../../../../../Users/danie/Documents/GitHub/EpicMegaJam/EpicMegaJam/EpicMegaJam/Content/Assets/Models/cat_Cat.uasset" 265
"../../../../../../Users/danie/Documents/GitHub/EpicMegaJam/EpicMegaJam/EpicMegaJam/Content/Assets/UI/ControlsScreen_Sprite_10.uasset" 266
"../../../../../../Users/danie/Documents/GitHub/EpicMegaJam/EpicMegaJam/EpicMegaJam/Content/Assets/UI/ControlsScreen_Sprite_11.uasset" 267
"../../../../../../Users/danie/Documents/GitHub/EpicMegaJam/EpicMegaJam/EpicMegaJam/Content/Assets/UI/ControlsScreen_Sprite_22.uasset" 268
"../../../../../../Users/danie/Documents/GitHub/EpicMegaJam/EpicMegaJam/EpicMegaJam/Content/Assets/UI/ControlsScreen_Sprite_8.uasset" 269
"../../../../../../Users/danie/Documents/GitHub/EpicMegaJam/EpicMegaJam/EpicMegaJam/Content/Assets/UI/ControlsScreen_Sprite_9.uasset" 270
"../../../../../../Users/danie/Documents/GitHub/EpicMegaJam/EpicMegaJam/EpicMegaJam/Content/CatStateEnum.uasset" 271
"../../../../../../Users/danie/Documents/GitHub/EpicMegaJam/EpicMegaJam/EpicMegaJam/Content/Sounds/191594__leszek-szary__laser.uasset" 272
"../../../../../../Users/danie/Documents/GitHub/EpicMegaJam/EpicMegaJam/EpicMegaJam/Content/Assets/UI/Failed_5.uasset" 273
"../../../../../../Users/danie/Documents/GitHub/EpicMegaJam/EpicMegaJam/EpicMegaJam/Content/Widgets/W_FailScreen.uasset" 274
"../../../../../../Users/danie/Documents/GitHub/EpicMegaJam/EpicMegaJam/EpicMegaJam/Content/Assets/EarthNOBG.uasset" 275
"../../../../../../Users/danie/Documents/GitHub/EpicMegaJam/EpicMegaJam/EpicMegaJam/Content/Assets/EarthMatPlz.uasset" 276
"../../../../../../Users/danie/Documents/GitHub/EpicMegaJam/EpicMegaJam/EpicMegaJam/Content/Assets/UI/Win_Screen.uasset" 277
"../../../../../../Users/danie/Documents/GitHub/EpicMegaJam/EpicMegaJam/EpicMegaJam/Content/Widgets/W_WinScreen.uasset" 278
"../../../../../../Users/danie/Documents/GitHub/EpicMegaJam/EpicMegaJam/EpicMegaJam/Content/Blueprints/BP_Earth.uasset" 279
"../../../../../../Users/danie/Documents/GitHub/EpicMegaJam/EpicMegaJam/EpicMegaJam/Content/Assets/UI/Health_and_shield.uasset" 280
"../../../../../../Users/danie/Documents/GitHub/EpicMegaJam/EpicMegaJam/EpicMegaJam/Content/Assets/UI/Health_and_shield_Sprite_0.uasset" 281
"../../../../../../Users/danie/Documents/GitHub/EpicMegaJam/EpicMegaJam/EpicMegaJam/Content/Assets/UI/Health_and_shield_Sprite_1.uasset" 282
"../../../../../../Users/danie/Documents/GitHub/EpicMegaJam/EpicMegaJam/EpicMegaJam/Content/Widgets/W_HUD.uasset" 283
"../../../../../../Users/danie/Documents/GitHub/EpicMegaJam/EpicMegaJam/EpicMegaJam/Content/Assets/UI/Main_Menu_Buttons_Sprite_1.uasset" 284
"../../../../../../Users/danie/Documents/GitHub/EpicMegaJam/EpicMegaJam/EpicMegaJam/Content/Widgets/W_GameHowToPlay.uasset" 285
"../../../../../../Users/danie/Documents/GitHub/EpicMegaJam/EpicMegaJam/EpicMegaJam/Content/Widgets/W_PauseScreen.uasset" 286
"../../../../../../Users/danie/Documents/GitHub/EpicMegaJam/EpicMegaJam/EpicMegaJam/Content/Blueprints/SpaceCat.uasset" 287
"../../../../../../Users/danie/Documents/GitHub/EpicMegaJam/EpicMegaJam/EpicMegaJam/Content/Assets/Metal_plate.uasset" 288
"../../../../../../Users/danie/Documents/GitHub/EpicMegaJam/EpicMegaJam/EpicMegaJam/Content/Assets/MetalPlate1Material.uasset" 289
"../../../../../../Users/danie/Documents/GitHub/EpicMegaJam/EpicMegaJam/EpicMegaJam/Content/Assets/Metal_Plate_2.uasset" 290
"../../../../../../Users/danie/Documents/GitHub/EpicMegaJam/EpicMegaJam/EpicMegaJam/Content/Assets/MetalPlate2Material.uasset" 291
"../../../../../../Users/danie/Documents/GitHub/EpicMegaJam/EpicMegaJam/EpicMegaJam/Content/Blueprints/BP_Metal.uasset" 292
"../../../../../../Users/danie/Documents/GitHub/EpicMegaJam/EpicMegaJam/EpicMegaJam/Content/Blueprints/ufo_uvw.uasset" 293
"../../../../../../Users/danie/Documents/GitHub/EpicMegaJam/EpicMegaJam/EpicMegaJam/Content/Blueprints/Material__3.uasset" 294
"../../../../../../Users/danie/Documents/GitHub/EpicMegaJam/EpicMegaJam/EpicMegaJam/Content/Blueprints/ufo.uasset" 295
"../../../../../../Users/danie/Documents/GitHub/EpicMegaJam/EpicMegaJam/EpicMegaJam/Content/Blueprints/BP_UFO.uasset" 296
"../../../../../../Users/danie/Documents/GitHub/EpicMegaJam/EpicMegaJam/EpicMegaJam/Content/Assets/Models/Laser_Texture.uasset" 297
"../../../../../../Users/danie/Documents/GitHub/EpicMegaJam/EpicMegaJam/EpicMegaJam/Content/Assets/Models/LaserMat.uasset" 298
"../../../Engine/Content/BasicShapes/Cylinder.uasset" 299
"../../../../../../Users/danie/Documents/GitHub/EpicMegaJam/EpicMegaJam/EpicMegaJam/Content/Blueprints/BP_CatLaser.uasset" 300
"../../../../../../Users/danie/Documents/GitHub/EpicMegaJam/EpicMegaJam/EpicMegaJam/Content/Assets/Models/Material__8.uasset" 301
"../../../../../../Users/danie/Documents/GitHub/EpicMegaJam/EpicMegaJam/EpicMegaJam/Content/Assets/Models/asteroid_01.uasset" 302
"../../../../../../Users/danie/Documents/GitHub/EpicMegaJam/EpicMegaJam/EpicMegaJam/Content/Sounds/RockSlide.uasset" 303
"../../../../../../Users/danie/Documents/GitHub/EpicMegaJam/EpicMegaJam/EpicMegaJam/Content/Sounds/RockSlide_Cue.uasset" 304
"../../../../../../Users/danie/Documents/GitHub/EpicMegaJam/EpicMegaJam/EpicMegaJam/Content/Blueprints/BP_Asteroid.uasset" 305
"../../../../../../Users/danie/Documents/GitHub/EpicMegaJam/EpicMegaJam/EpicMegaJam/Content/Blueprints/BP_AsteroidSpawner.uasset" 306
"../../../../../../Users/danie/Documents/GitHub/EpicMegaJam/EpicMegaJam/EpicMegaJam/Content/Assets/Space.uasset" 307
"../../../../../../Users/danie/Documents/GitHub/EpicMegaJam/EpicMegaJam/EpicMegaJam/Content/Assets/SpaceMat.uasset" 308
"../../../Engine/Content/EngineSky/T_Sky_Blue.uasset" 309
"../../../Engine/Content/EngineSky/T_Sky_Clouds_M.uasset" 310
"../../../Engine/Content/EngineSky/T_Sky_Stars.uasset" 311
"../../../Engine/Content/EngineSky/M_Sky_Panning_Clouds2.uasset" 312
"../../../Engine/Content/EngineSky/SM_SkySphere.uasset" 313
"../../../../../../Users/danie/Documents/GitHub/EpicMegaJam/EpicMegaJam/EpicMegaJam/Content/Blueprints/BP_SpaceSkybox.uasset" 314
"../../../../../../Users/danie/Documents/GitHub/EpicMegaJam/EpicMegaJam/EpicMegaJam/Content/MyGameMode.uasset" 315
"../../../../../../Users/danie/Documents/GitHub/EpicMegaJam/EpicMegaJam/EpicMegaJam/Content/Levels/Moon_BuiltData.uasset" 316
"../../../../../../Users/danie/Documents/GitHub/EpicMegaJam/EpicMegaJam/EpicMegaJam/Content/Sounds/Eon_-_City_Lights.uasset" 317
"../../../../../../Users/danie/Documents/GitHub/EpicMegaJam/EpicMegaJam/EpicMegaJam/Content/Sounds/Eon_-_City_Lights_Cue.uasset" 318
"../../../../../../Users/danie/Documents/GitHub/EpicMegaJam/EpicMegaJam/EpicMegaJam/Content/Levels/Moon.umap" 319
"../../../Engine/Content/Maps/Entry_BuiltData.uasset" 320
"../../../Engine/Content/Maps/Entry.umap" 321
